09:57:12 **** Clean-only build of configuration Debug for project TermProject_Code ****
make -j8 clean 
rm -rf ./Drivers/STM32F4xx_HAL_Driver/Src/stm32f4xx_hal.cyclo ./Drivers/STM32F4xx_HAL_Driver/Src/stm32f4xx_hal.d ./Drivers/STM32F4xx_HAL_Driver/Src/stm32f4xx_hal.o ./Drivers/STM32F4xx_HAL_Driver/Src/stm32f4xx_hal.su ./Drivers/STM32F4xx_HAL_Driver/Src/stm32f4xx_hal_cortex.cyclo ./Drivers/STM32F4xx_HAL_Driver/Src/stm32f4xx_hal_cortex.d ./Drivers/STM32F4xx_HAL_Driver/Src/stm32f4xx_hal_cortex.o ./Drivers/STM32F4xx_HAL_Driver/Src/stm32f4xx_hal_cortex.su ./Drivers/STM32F4xx_HAL_Driver/Src/stm32f4xx_hal_dma.cyclo ./Drivers/STM32F4xx_HAL_Driver/Src/stm32f4xx_hal_dma.d ./Drivers/STM32F4xx_HAL_Driver/Src/stm32f4xx_hal_dma.o ./Drivers/STM32F4xx_HAL_Driver/Src/stm32f4xx_hal_dma.su ./Drivers/STM32F4xx_HAL_Driver/Src/stm32f4xx_hal_dma_ex.cyclo ./Drivers/STM32F4xx_HAL_Driver/Src/stm32f4xx_hal_dma_ex.d ./Drivers/STM32F4xx_HAL_Driver/Src/stm32f4xx_hal_dma_ex.o ./Drivers/STM32F4xx_HAL_Driver/Src/stm32f4xx_hal_dma_ex.su ./Drivers/STM32F4xx_HAL_Driver/Src/stm32f4xx_hal_exti.cyclo ./Drivers/STM32F4xx_HAL_Driver/Src/stm32f4xx_hal_exti.d ./Drivers/STM32F4xx_HAL_Driver/Src/stm32f4xx_hal_exti.o ./Drivers/STM32F4xx_HAL_Driver/Src/stm32f4xx_hal_exti.su ./Drivers/STM32F4xx_HAL_Driver/Src/stm32f4xx_hal_flash.cyclo ./Drivers/STM32F4xx_HAL_Driver/Src/stm32f4xx_hal_flash.d ./Drivers/STM32F4xx_HAL_Driver/Src/stm32f4xx_hal_flash.o ./Drivers/STM32F4xx_HAL_Driver/Src/stm32f4xx_hal_flash.su ./Drivers/STM32F4xx_HAL_Driver/Src/stm32f4xx_hal_flash_ex.cyclo ./Drivers/STM32F4xx_HAL_Driver/Src/stm32f4xx_hal_flash_ex.d ./Drivers/STM32F4xx_HAL_Driver/Src/stm32f4xx_hal_flash_ex.o ./Drivers/STM32F4xx_HAL_Driver/Src/stm32f4xx_hal_flash_ex.su ./Drivers/STM32F4xx_HAL_Driver/Src/stm32f4xx_hal_flash_ramfunc.cyclo ./Drivers/STM32F4xx_HAL_Driver/Src/stm32f4xx_hal_flash_ramfunc.d ./Drivers/STM32F4xx_HAL_Driver/Src/stm32f4xx_hal_flash_ramfunc.o ./Drivers/STM32F4xx_HAL_Driver/Src/stm32f4xx_hal_flash_ramfunc.su ./Drivers/STM32F4xx_HAL_Driver/Src/stm32f4xx_hal_gpio.cyclo ./Drivers/STM32F4xx_HAL_Driver/Src/stm32f4xx_hal_gpio.d ./Drivers/STM32F4xx_HAL_Driver/Src/stm32f4xx_hal_gpio.o ./Drivers/STM32F4xx_HAL_Driver/Src/stm32f4xx_hal_gpio.su ./Drivers/STM32F4xx_HAL_Driver/Src/stm32f4xx_hal_i2c.cyclo ./Drivers/STM32F4xx_HAL_Driver/Src/stm32f4xx_hal_i2c.d ./Drivers/STM32F4xx_HAL_Driver/Src/stm32f4xx_hal_i2c.o ./Drivers/STM32F4xx_HAL_Driver/Src/stm32f4xx_hal_i2c.su ./Drivers/STM32F4xx_HAL_Driver/Src/stm32f4xx_hal_i2c_ex.cyclo ./Drivers/STM32F4xx_HAL_Driver/Src/stm32f4xx_hal_i2c_ex.d ./Drivers/STM32F4xx_HAL_Driver/Src/stm32f4xx_hal_i2c_ex.o ./Drivers/STM32F4xx_HAL_Driver/Src/stm32f4xx_hal_i2c_ex.su ./Drivers/STM32F4xx_HAL_Driver/Src/stm32f4xx_hal_pwr.cyclo ./Drivers/STM32F4xx_HAL_Driver/Src/stm32f4xx_hal_pwr.d ./Drivers/STM32F4xx_HAL_Driver/Src/stm32f4xx_hal_pwr.o ./Drivers/STM32F4xx_HAL_Driver/Src/stm32f4xx_hal_pwr.su ./Drivers/STM32F4xx_HAL_Driver/Src/stm32f4xx_hal_pwr_ex.cyclo ./Drivers/STM32F4xx_HAL_Driver/Src/stm32f4xx_hal_pwr_ex.d ./Drivers/STM32F4xx_HAL_Driver/Src/stm32f4xx_hal_pwr_ex.o ./Drivers/STM32F4xx_HAL_Driver/Src/stm32f4xx_hal_pwr_ex.su ./Drivers/STM32F4xx_HAL_Driver/Src/stm32f4xx_hal_rcc.cyclo ./Drivers/STM32F4xx_HAL_Driver/Src/stm32f4xx_hal_rcc.d ./Drivers/STM32F4xx_HAL_Driver/Src/stm32f4xx_hal_rcc.o ./Drivers/STM32F4xx_HAL_Driver/Src/stm32f4xx_hal_rcc.su ./Drivers/STM32F4xx_HAL_Driver/Src/stm32f4xx_hal_rcc_ex.cyclo ./Drivers/STM32F4xx_HAL_Driver/Src/stm32f4xx_hal_rcc_ex.d ./Drivers/STM32F4xx_HAL_Driver/Src/stm32f4xx_hal_rcc_ex.o ./Drivers/STM32F4xx_HAL_Driver/Src/stm32f4xx_hal_rcc_ex.su ./Drivers/STM32F4xx_HAL_Driver/Src/stm32f4xx_hal_tim.cyclo ./Drivers/STM32F4xx_HAL_Driver/Src/stm32f4xx_hal_tim.d ./Drivers/STM32F4xx_HAL_Driver/Src/stm32f4xx_hal_tim.o ./Drivers/STM32F4xx_HAL_Driver/Src/stm32f4xx_hal_tim.su ./Drivers/STM32F4xx_HAL_Driver/Src/stm32f4xx_hal_tim_ex.cyclo ./Drivers/STM32F4xx_HAL_Driver/Src/stm32f4xx_hal_tim_ex.d ./Drivers/STM32F4xx_HAL_Driver/Src/stm32f4xx_hal_tim_ex.o ./Drivers/STM32F4xx_HAL_Driver/Src/stm32f4xx_hal_tim_ex.su ./Drivers/STM32F4xx_HAL_Driver/Src/stm32f4xx_hal_uart.cyclo ./Drivers/STM32F4xx_HAL_Driver/Src/stm32f4xx_hal_uart.d ./Drivers/STM32F4xx_HAL_Driver/Src/stm32f4xx_hal_uart.o ./Drivers/STM32F4xx_HAL_Driver/Src/stm32f4xx_hal_uart.su
rm -rf ./Core/Startup/startup_stm32f411ceux.d ./Core/Startup/startup_stm32f411ceux.o
rm -rf ./Core/Src/bno055.cyclo ./Core/Src/bno055.d ./Core/Src/bno055.o ./Core/Src/bno055.su ./Core/Src/main.cyclo ./Core/Src/main.d ./Core/Src/main.o ./Core/Src/main.su ./Core/Src/motor_driver.cyclo ./Core/Src/motor_driver.d ./Core/Src/motor_driver.o ./Core/Src/motor_driver.su ./Core/Src/pid.cyclo ./Core/Src/pid.d ./Core/Src/pid.o ./Core/Src/pid.su ./Core/Src/stm32f4xx_hal_msp.cyclo ./Core/Src/stm32f4xx_hal_msp.d ./Core/Src/stm32f4xx_hal_msp.o ./Core/Src/stm32f4xx_hal_msp.su ./Core/Src/stm32f4xx_it.cyclo ./Core/Src/stm32f4xx_it.d ./Core/Src/stm32f4xx_it.o ./Core/Src/stm32f4xx_it.su ./Core/Src/syscalls.cyclo ./Core/Src/syscalls.d ./Core/Src/syscalls.o ./Core/Src/syscalls.su ./Core/Src/sysmem.cyclo ./Core/Src/sysmem.d ./Core/Src/sysmem.o ./Core/Src/sysmem.su ./Core/Src/system_stm32f4xx.cyclo ./Core/Src/system_stm32f4xx.d ./Core/Src/system_stm32f4xx.o ./Core/Src/system_stm32f4xx.su
rm -rf TermProject_Code.elf TermProject_Code.list TermProject_Code.map default.size.stdout
 
09:57:14 **** Build of configuration Debug for project TermProject_Code ****
make -j8 all 
arm-none-eabi-gcc "../Drivers/STM32F4xx_HAL_Driver/Src/stm32f4xx_hal.c" -mcpu=cortex-m4 -std=gnu11 -g3 -DDEBUG -DUSE_HAL_DRIVER -DSTM32F411xE -c -I../Core/Inc -I../Drivers/STM32F4xx_HAL_Driver/Inc -I../Drivers/STM32F4xx_HAL_Driver/Inc/Legacy -I../Drivers/CMSIS/Device/ST/STM32F4xx/Include -I../Drivers/CMSIS/Include -O0 -ffunction-sections -fdata-sections -Wall -fstack-usage -fcyclomatic-complexity -MMD -MP -MF"Drivers/STM32F4xx_HAL_Driver/Src/stm32f4xx_hal.d" -MT"Drivers/STM32F4xx_HAL_Driver/Src/stm32f4xx_hal.o" --specs=nano.specs -mfpu=fpv4-sp-d16 -mfloat-abi=hard -mthumb -o "Drivers/STM32F4xx_HAL_Driver/Src/stm32f4xx_hal.o"
arm-none-eabi-gcc "../Drivers/STM32F4xx_HAL_Driver/Src/stm32f4xx_hal_cortex.c" -mcpu=cortex-m4 -std=gnu11 -g3 -DDEBUG -DUSE_HAL_DRIVER -DSTM32F411xE -c -I../Core/Inc -I../Drivers/STM32F4xx_HAL_Driver/Inc -I../Drivers/STM32F4xx_HAL_Driver/Inc/Legacy -I../Drivers/CMSIS/Device/ST/STM32F4xx/Include -I../Drivers/CMSIS/Include -O0 -ffunction-sections -fdata-sections -Wall -fstack-usage -fcyclomatic-complexity -MMD -MP -MF"Drivers/STM32F4xx_HAL_Driver/Src/stm32f4xx_hal_cortex.d" -MT"Drivers/STM32F4xx_HAL_Driver/Src/stm32f4xx_hal_cortex.o" --specs=nano.specs -mfpu=fpv4-sp-d16 -mfloat-abi=hard -mthumb -o "Drivers/STM32F4xx_HAL_Driver/Src/stm32f4xx_hal_cortex.o"
arm-none-eabi-gcc "../Drivers/STM32F4xx_HAL_Driver/Src/stm32f4xx_hal_dma.c" -mcpu=cortex-m4 -std=gnu11 -g3 -DDEBUG -DUSE_HAL_DRIVER -DSTM32F411xE -c -I../Core/Inc -I../Drivers/STM32F4xx_HAL_Driver/Inc -I../Drivers/STM32F4xx_HAL_Driver/Inc/Legacy -I../Drivers/CMSIS/Device/ST/STM32F4xx/Include -I../Drivers/CMSIS/Include -O0 -ffunction-sections -fdata-sections -Wall -fstack-usage -fcyclomatic-complexity -MMD -MP -MF"Drivers/STM32F4xx_HAL_Driver/Src/stm32f4xx_hal_dma.d" -MT"Drivers/STM32F4xx_HAL_Driver/Src/stm32f4xx_hal_dma.o" --specs=nano.specs -mfpu=fpv4-sp-d16 -mfloat-abi=hard -mthumb -o "Drivers/STM32F4xx_HAL_Driver/Src/stm32f4xx_hal_dma.o"
arm-none-eabi-gcc "../Drivers/STM32F4xx_HAL_Driver/Src/stm32f4xx_hal_dma_ex.c" -mcpu=cortex-m4 -std=gnu11 -g3 -DDEBUG -DUSE_HAL_DRIVER -DSTM32F411xE -c -I../Core/Inc -I../Drivers/STM32F4xx_HAL_Driver/Inc -I../Drivers/STM32F4xx_HAL_Driver/Inc/Legacy -I../Drivers/CMSIS/Device/ST/STM32F4xx/Include -I../Drivers/CMSIS/Include -O0 -ffunction-sections -fdata-sections -Wall -fstack-usage -fcyclomatic-complexity -MMD -MP -MF"Drivers/STM32F4xx_HAL_Driver/Src/stm32f4xx_hal_dma_ex.d" -MT"Drivers/STM32F4xx_HAL_Driver/Src/stm32f4xx_hal_dma_ex.o" --specs=nano.specs -mfpu=fpv4-sp-d16 -mfloat-abi=hard -mthumb -o "Drivers/STM32F4xx_HAL_Driver/Src/stm32f4xx_hal_dma_ex.o"
arm-none-eabi-gcc "../Drivers/STM32F4xx_HAL_Driver/Src/stm32f4xx_hal_exti.c" -mcpu=cortex-m4 -std=gnu11 -g3 -DDEBUG -DUSE_HAL_DRIVER -DSTM32F411xE -c -I../Core/Inc -I../Drivers/STM32F4xx_HAL_Driver/Inc -I../Drivers/STM32F4xx_HAL_Driver/Inc/Legacy -I../Drivers/CMSIS/Device/ST/STM32F4xx/Include -I../Drivers/CMSIS/Include -O0 -ffunction-sections -fdata-sections -Wall -fstack-usage -fcyclomatic-complexity -MMD -MP -MF"Drivers/STM32F4xx_HAL_Driver/Src/stm32f4xx_hal_exti.d" -MT"Drivers/STM32F4xx_HAL_Driver/Src/stm32f4xx_hal_exti.o" --specs=nano.specs -mfpu=fpv4-sp-d16 -mfloat-abi=hard -mthumb -o "Drivers/STM32F4xx_HAL_Driver/Src/stm32f4xx_hal_exti.o"
arm-none-eabi-gcc "../Drivers/STM32F4xx_HAL_Driver/Src/stm32f4xx_hal_flash.c" -mcpu=cortex-m4 -std=gnu11 -g3 -DDEBUG -DUSE_HAL_DRIVER -DSTM32F411xE -c -I../Core/Inc -I../Drivers/STM32F4xx_HAL_Driver/Inc -I../Drivers/STM32F4xx_HAL_Driver/Inc/Legacy -I../Drivers/CMSIS/Device/ST/STM32F4xx/Include -I../Drivers/CMSIS/Include -O0 -ffunction-sections -fdata-sections -Wall -fstack-usage -fcyclomatic-complexity -MMD -MP -MF"Drivers/STM32F4xx_HAL_Driver/Src/stm32f4xx_hal_flash.d" -MT"Drivers/STM32F4xx_HAL_Driver/Src/stm32f4xx_hal_flash.o" --specs=nano.specs -mfpu=fpv4-sp-d16 -mfloat-abi=hard -mthumb -o "Drivers/STM32F4xx_HAL_Driver/Src/stm32f4xx_hal_flash.o"
arm-none-eabi-gcc "../Drivers/STM32F4xx_HAL_Driver/Src/stm32f4xx_hal_flash_ex.c" -mcpu=cortex-m4 -std=gnu11 -g3 -DDEBUG -DUSE_HAL_DRIVER -DSTM32F411xE -c -I../Core/Inc -I../Drivers/STM32F4xx_HAL_Driver/Inc -I../Drivers/STM32F4xx_HAL_Driver/Inc/Legacy -I../Drivers/CMSIS/Device/ST/STM32F4xx/Include -I../Drivers/CMSIS/Include -O0 -ffunction-sections -fdata-sections -Wall -fstack-usage -fcyclomatic-complexity -MMD -MP -MF"Drivers/STM32F4xx_HAL_Driver/Src/stm32f4xx_hal_flash_ex.d" -MT"Drivers/STM32F4xx_HAL_Driver/Src/stm32f4xx_hal_flash_ex.o" --specs=nano.specs -mfpu=fpv4-sp-d16 -mfloat-abi=hard -mthumb -o "Drivers/STM32F4xx_HAL_Driver/Src/stm32f4xx_hal_flash_ex.o"
arm-none-eabi-gcc "../Drivers/STM32F4xx_HAL_Driver/Src/stm32f4xx_hal_flash_ramfunc.c" -mcpu=cortex-m4 -std=gnu11 -g3 -DDEBUG -DUSE_HAL_DRIVER -DSTM32F411xE -c -I../Core/Inc -I../Drivers/STM32F4xx_HAL_Driver/Inc -I../Drivers/STM32F4xx_HAL_Driver/Inc/Legacy -I../Drivers/CMSIS/Device/ST/STM32F4xx/Include -I../Drivers/CMSIS/Include -O0 -ffunction-sections -fdata-sections -Wall -fstack-usage -fcyclomatic-complexity -MMD -MP -MF"Drivers/STM32F4xx_HAL_Driver/Src/stm32f4xx_hal_flash_ramfunc.d" -MT"Drivers/STM32F4xx_HAL_Driver/Src/stm32f4xx_hal_flash_ramfunc.o" --specs=nano.specs -mfpu=fpv4-sp-d16 -mfloat-abi=hard -mthumb -o "Drivers/STM32F4xx_HAL_Driver/Src/stm32f4xx_hal_flash_ramfunc.o"
arm-none-eabi-gcc "../Drivers/STM32F4xx_HAL_Driver/Src/stm32f4xx_hal_gpio.c" -mcpu=cortex-m4 -std=gnu11 -g3 -DDEBUG -DUSE_HAL_DRIVER -DSTM32F411xE -c -I../Core/Inc -I../Drivers/STM32F4xx_HAL_Driver/Inc -I../Drivers/STM32F4xx_HAL_Driver/Inc/Legacy -I../Drivers/CMSIS/Device/ST/STM32F4xx/Include -I../Drivers/CMSIS/Include -O0 -ffunction-sections -fdata-sections -Wall -fstack-usage -fcyclomatic-complexity -MMD -MP -MF"Drivers/STM32F4xx_HAL_Driver/Src/stm32f4xx_hal_gpio.d" -MT"Drivers/STM32F4xx_HAL_Driver/Src/stm32f4xx_hal_gpio.o" --specs=nano.specs -mfpu=fpv4-sp-d16 -mfloat-abi=hard -mthumb -o "Drivers/STM32F4xx_HAL_Driver/Src/stm32f4xx_hal_gpio.o"
arm-none-eabi-gcc "../Drivers/STM32F4xx_HAL_Driver/Src/stm32f4xx_hal_i2c.c" -mcpu=cortex-m4 -std=gnu11 -g3 -DDEBUG -DUSE_HAL_DRIVER -DSTM32F411xE -c -I../Core/Inc -I../Drivers/STM32F4xx_HAL_Driver/Inc -I../Drivers/STM32F4xx_HAL_Driver/Inc/Legacy -I../Drivers/CMSIS/Device/ST/STM32F4xx/Include -I../Drivers/CMSIS/Include -O0 -ffunction-sections -fdata-sections -Wall -fstack-usage -fcyclomatic-complexity -MMD -MP -MF"Drivers/STM32F4xx_HAL_Driver/Src/stm32f4xx_hal_i2c.d" -MT"Drivers/STM32F4xx_HAL_Driver/Src/stm32f4xx_hal_i2c.o" --specs=nano.specs -mfpu=fpv4-sp-d16 -mfloat-abi=hard -mthumb -o "Drivers/STM32F4xx_HAL_Driver/Src/stm32f4xx_hal_i2c.o"
arm-none-eabi-gcc "../Drivers/STM32F4xx_HAL_Driver/Src/stm32f4xx_hal_i2c_ex.c" -mcpu=cortex-m4 -std=gnu11 -g3 -DDEBUG -DUSE_HAL_DRIVER -DSTM32F411xE -c -I../Core/Inc -I../Drivers/STM32F4xx_HAL_Driver/Inc -I../Drivers/STM32F4xx_HAL_Driver/Inc/Legacy -I../Drivers/CMSIS/Device/ST/STM32F4xx/Include -I../Drivers/CMSIS/Include -O0 -ffunction-sections -fdata-sections -Wall -fstack-usage -fcyclomatic-complexity -MMD -MP -MF"Drivers/STM32F4xx_HAL_Driver/Src/stm32f4xx_hal_i2c_ex.d" -MT"Drivers/STM32F4xx_HAL_Driver/Src/stm32f4xx_hal_i2c_ex.o" --specs=nano.specs -mfpu=fpv4-sp-d16 -mfloat-abi=hard -mthumb -o "Drivers/STM32F4xx_HAL_Driver/Src/stm32f4xx_hal_i2c_ex.o"
arm-none-eabi-gcc "../Drivers/STM32F4xx_HAL_Driver/Src/stm32f4xx_hal_pwr.c" -mcpu=cortex-m4 -std=gnu11 -g3 -DDEBUG -DUSE_HAL_DRIVER -DSTM32F411xE -c -I../Core/Inc -I../Drivers/STM32F4xx_HAL_Driver/Inc -I../Drivers/STM32F4xx_HAL_Driver/Inc/Legacy -I../Drivers/CMSIS/Device/ST/STM32F4xx/Include -I../Drivers/CMSIS/Include -O0 -ffunction-sections -fdata-sections -Wall -fstack-usage -fcyclomatic-complexity -MMD -MP -MF"Drivers/STM32F4xx_HAL_Driver/Src/stm32f4xx_hal_pwr.d" -MT"Drivers/STM32F4xx_HAL_Driver/Src/stm32f4xx_hal_pwr.o" --specs=nano.specs -mfpu=fpv4-sp-d16 -mfloat-abi=hard -mthumb -o "Drivers/STM32F4xx_HAL_Driver/Src/stm32f4xx_hal_pwr.o"
arm-none-eabi-gcc "../Drivers/STM32F4xx_HAL_Driver/Src/stm32f4xx_hal_pwr_ex.c" -mcpu=cortex-m4 -std=gnu11 -g3 -DDEBUG -DUSE_HAL_DRIVER -DSTM32F411xE -c -I../Core/Inc -I../Drivers/STM32F4xx_HAL_Driver/Inc -I../Drivers/STM32F4xx_HAL_Driver/Inc/Legacy -I../Drivers/CMSIS/Device/ST/STM32F4xx/Include -I../Drivers/CMSIS/Include -O0 -ffunction-sections -fdata-sections -Wall -fstack-usage -fcyclomatic-complexity -MMD -MP -MF"Drivers/STM32F4xx_HAL_Driver/Src/stm32f4xx_hal_pwr_ex.d" -MT"Drivers/STM32F4xx_HAL_Driver/Src/stm32f4xx_hal_pwr_ex.o" --specs=nano.specs -mfpu=fpv4-sp-d16 -mfloat-abi=hard -mthumb -o "Drivers/STM32F4xx_HAL_Driver/Src/stm32f4xx_hal_pwr_ex.o"
arm-none-eabi-gcc "../Drivers/STM32F4xx_HAL_Driver/Src/stm32f4xx_hal_rcc.c" -mcpu=cortex-m4 -std=gnu11 -g3 -DDEBUG -DUSE_HAL_DRIVER -DSTM32F411xE -c -I../Core/Inc -I../Drivers/STM32F4xx_HAL_Driver/Inc -I../Drivers/STM32F4xx_HAL_Driver/Inc/Legacy -I../Drivers/CMSIS/Device/ST/STM32F4xx/Include -I../Drivers/CMSIS/Include -O0 -ffunction-sections -fdata-sections -Wall -fstack-usage -fcyclomatic-complexity -MMD -MP -MF"Drivers/STM32F4xx_HAL_Driver/Src/stm32f4xx_hal_rcc.d" -MT"Drivers/STM32F4xx_HAL_Driver/Src/stm32f4xx_hal_rcc.o" --specs=nano.specs -mfpu=fpv4-sp-d16 -mfloat-abi=hard -mthumb -o "Drivers/STM32F4xx_HAL_Driver/Src/stm32f4xx_hal_rcc.o"
arm-none-eabi-gcc "../Drivers/STM32F4xx_HAL_Driver/Src/stm32f4xx_hal_rcc_ex.c" -mcpu=cortex-m4 -std=gnu11 -g3 -DDEBUG -DUSE_HAL_DRIVER -DSTM32F411xE -c -I../Core/Inc -I../Drivers/STM32F4xx_HAL_Driver/Inc -I../Drivers/STM32F4xx_HAL_Driver/Inc/Legacy -I../Drivers/CMSIS/Device/ST/STM32F4xx/Include -I../Drivers/CMSIS/Include -O0 -ffunction-sections -fdata-sections -Wall -fstack-usage -fcyclomatic-complexity -MMD -MP -MF"Drivers/STM32F4xx_HAL_Driver/Src/stm32f4xx_hal_rcc_ex.d" -MT"Drivers/STM32F4xx_HAL_Driver/Src/stm32f4xx_hal_rcc_ex.o" --specs=nano.specs -mfpu=fpv4-sp-d16 -mfloat-abi=hard -mthumb -o "Drivers/STM32F4xx_HAL_Driver/Src/stm32f4xx_hal_rcc_ex.o"
arm-none-eabi-gcc "../Drivers/STM32F4xx_HAL_Driver/Src/stm32f4xx_hal_tim.c" -mcpu=cortex-m4 -std=gnu11 -g3 -DDEBUG -DUSE_HAL_DRIVER -DSTM32F411xE -c -I../Core/Inc -I../Drivers/STM32F4xx_HAL_Driver/Inc -I../Drivers/STM32F4xx_HAL_Driver/Inc/Legacy -I../Drivers/CMSIS/Device/ST/STM32F4xx/Include -I../Drivers/CMSIS/Include -O0 -ffunction-sections -fdata-sections -Wall -fstack-usage -fcyclomatic-complexity -MMD -MP -MF"Drivers/STM32F4xx_HAL_Driver/Src/stm32f4xx_hal_tim.d" -MT"Drivers/STM32F4xx_HAL_Driver/Src/stm32f4xx_hal_tim.o" --specs=nano.specs -mfpu=fpv4-sp-d16 -mfloat-abi=hard -mthumb -o "Drivers/STM32F4xx_HAL_Driver/Src/stm32f4xx_hal_tim.o"
arm-none-eabi-gcc "../Drivers/STM32F4xx_HAL_Driver/Src/stm32f4xx_hal_tim_ex.c" -mcpu=cortex-m4 -std=gnu11 -g3 -DDEBUG -DUSE_HAL_DRIVER -DSTM32F411xE -c -I../Core/Inc -I../Drivers/STM32F4xx_HAL_Driver/Inc -I../Drivers/STM32F4xx_HAL_Driver/Inc/Legacy -I../Drivers/CMSIS/Device/ST/STM32F4xx/Include -I../Drivers/CMSIS/Include -O0 -ffunction-sections -fdata-sections -Wall -fstack-usage -fcyclomatic-complexity -MMD -MP -MF"Drivers/STM32F4xx_HAL_Driver/Src/stm32f4xx_hal_tim_ex.d" -MT"Drivers/STM32F4xx_HAL_Driver/Src/stm32f4xx_hal_tim_ex.o" --specs=nano.specs -mfpu=fpv4-sp-d16 -mfloat-abi=hard -mthumb -o "Drivers/STM32F4xx_HAL_Driver/Src/stm32f4xx_hal_tim_ex.o"
arm-none-eabi-gcc "../Drivers/STM32F4xx_HAL_Driver/Src/stm32f4xx_hal_uart.c" -mcpu=cortex-m4 -std=gnu11 -g3 -DDEBUG -DUSE_HAL_DRIVER -DSTM32F411xE -c -I../Core/Inc -I../Drivers/STM32F4xx_HAL_Driver/Inc -I../Drivers/STM32F4xx_HAL_Driver/Inc/Legacy -I../Drivers/CMSIS/Device/ST/STM32F4xx/Include -I../Drivers/CMSIS/Include -O0 -ffunction-sections -fdata-sections -Wall -fstack-usage -fcyclomatic-complexity -MMD -MP -MF"Drivers/STM32F4xx_HAL_Driver/Src/stm32f4xx_hal_uart.d" -MT"Drivers/STM32F4xx_HAL_Driver/Src/stm32f4xx_hal_uart.o" --specs=nano.specs -mfpu=fpv4-sp-d16 -mfloat-abi=hard -mthumb -o "Drivers/STM32F4xx_HAL_Driver/Src/stm32f4xx_hal_uart.o"
arm-none-eabi-gcc -mcpu=cortex-m4 -g3 -DDEBUG -c -x assembler-with-cpp -MMD -MP -MF"Core/Startup/startup_stm32f411ceux.d" -MT"Core/Startup/startup_stm32f411ceux.o" --specs=nano.specs -mfpu=fpv4-sp-d16 -mfloat-abi=hard -mthumb -o "Core/Startup/startup_stm32f411ceux.o" "../Core/Startup/startup_stm32f411ceux.s"
arm-none-eabi-gcc "../Core/Src/bno055.c" -mcpu=cortex-m4 -std=gnu11 -g3 -DDEBUG -DUSE_HAL_DRIVER -DSTM32F411xE -c -I../Core/Inc -I../Drivers/STM32F4xx_HAL_Driver/Inc -I../Drivers/STM32F4xx_HAL_Driver/Inc/Legacy -I../Drivers/CMSIS/Device/ST/STM32F4xx/Include -I../Drivers/CMSIS/Include -O0 -ffunction-sections -fdata-sections -Wall -fstack-usage -fcyclomatic-complexity -MMD -MP -MF"Core/Src/bno055.d" -MT"Core/Src/bno055.o" --specs=nano.specs -mfpu=fpv4-sp-d16 -mfloat-abi=hard -mthumb -o "Core/Src/bno055.o"
arm-none-eabi-gcc "../Core/Src/main.c" -mcpu=cortex-m4 -std=gnu11 -g3 -DDEBUG -DUSE_HAL_DRIVER -DSTM32F411xE -c -I../Core/Inc -I../Drivers/STM32F4xx_HAL_Driver/Inc -I../Drivers/STM32F4xx_HAL_Driver/Inc/Legacy -I../Drivers/CMSIS/Device/ST/STM32F4xx/Include -I../Drivers/CMSIS/Include -O0 -ffunction-sections -fdata-sections -Wall -fstack-usage -fcyclomatic-complexity -MMD -MP -MF"Core/Src/main.d" -MT"Core/Src/main.o" --specs=nano.specs -mfpu=fpv4-sp-d16 -mfloat-abi=hard -mthumb -o "Core/Src/main.o"
arm-none-eabi-gcc "../Core/Src/motor_driver.c" -mcpu=cortex-m4 -std=gnu11 -g3 -DDEBUG -DUSE_HAL_DRIVER -DSTM32F411xE -c -I../Core/Inc -I../Drivers/STM32F4xx_HAL_Driver/Inc -I../Drivers/STM32F4xx_HAL_Driver/Inc/Legacy -I../Drivers/CMSIS/Device/ST/STM32F4xx/Include -I../Drivers/CMSIS/Include -O0 -ffunction-sections -fdata-sections -Wall -fstack-usage -fcyclomatic-complexity -MMD -MP -MF"Core/Src/motor_driver.d" -MT"Core/Src/motor_driver.o" --specs=nano.specs -mfpu=fpv4-sp-d16 -mfloat-abi=hard -mthumb -o "Core/Src/motor_driver.o"
arm-none-eabi-gcc "../Core/Src/pid.c" -mcpu=cortex-m4 -std=gnu11 -g3 -DDEBUG -DUSE_HAL_DRIVER -DSTM32F411xE -c -I../Core/Inc -I../Drivers/STM32F4xx_HAL_Driver/Inc -I../Drivers/STM32F4xx_HAL_Driver/Inc/Legacy -I../Drivers/CMSIS/Device/ST/STM32F4xx/Include -I../Drivers/CMSIS/Include -O0 -ffunction-sections -fdata-sections -Wall -fstack-usage -fcyclomatic-complexity -MMD -MP -MF"Core/Src/pid.d" -MT"Core/Src/pid.o" --specs=nano.specs -mfpu=fpv4-sp-d16 -mfloat-abi=hard -mthumb -o "Core/Src/pid.o"
arm-none-eabi-gcc "../Core/Src/stm32f4xx_hal_msp.c" -mcpu=cortex-m4 -std=gnu11 -g3 -DDEBUG -DUSE_HAL_DRIVER -DSTM32F411xE -c -I../Core/Inc -I../Drivers/STM32F4xx_HAL_Driver/Inc -I../Drivers/STM32F4xx_HAL_Driver/Inc/Legacy -I../Drivers/CMSIS/Device/ST/STM32F4xx/Include -I../Drivers/CMSIS/Include -O0 -ffunction-sections -fdata-sections -Wall -fstack-usage -fcyclomatic-complexity -MMD -MP -MF"Core/Src/stm32f4xx_hal_msp.d" -MT"Core/Src/stm32f4xx_hal_msp.o" --specs=nano.specs -mfpu=fpv4-sp-d16 -mfloat-abi=hard -mthumb -o "Core/Src/stm32f4xx_hal_msp.o"
In file included from ../Core/Src/main.c:29:
../Core/Inc/pid.h:93: warning: ignoring '#pragma diag_suppress ' [-Wunknown-pragmas]
   93 |         #pragma diag_suppress 177     /* Disable 'unused function' warning */
      | 
../Core/Src/main.c: In function 'main':
../Core/Src/main.c:279:19: warning: implicit declaration of function 'exit' [-Wimplicit-function-declaration]
  279 |                   exit(0);
      |                   ^~~~
../Core/Src/main.c:31:1: note: include '<stdlib.h>' or provide a declaration of 'exit'
   30 | #include "motor_driver.h"
  +++ |+#include <stdlib.h>
   31 | 
../Core/Src/main.c:279:19: warning: incompatible implicit declaration of built-in function 'exit' [-Wbuiltin-declaration-mismatch]
  279 |                   exit(0);
      |                   ^~~~
../Core/Src/main.c:279:19: note: include '<stdlib.h>' or provide a declaration of 'exit'
arm-none-eabi-gcc "../Core/Src/stm32f4xx_it.c" -mcpu=cortex-m4 -std=gnu11 -g3 -DDEBUG -DUSE_HAL_DRIVER -DSTM32F411xE -c -I../Core/Inc -I../Drivers/STM32F4xx_HAL_Driver/Inc -I../Drivers/STM32F4xx_HAL_Driver/Inc/Legacy -I../Drivers/CMSIS/Device/ST/STM32F4xx/Include -I../Drivers/CMSIS/Include -O0 -ffunction-sections -fdata-sections -Wall -fstack-usage -fcyclomatic-complexity -MMD -MP -MF"Core/Src/stm32f4xx_it.d" -MT"Core/Src/stm32f4xx_it.o" --specs=nano.specs -mfpu=fpv4-sp-d16 -mfloat-abi=hard -mthumb -o "Core/Src/stm32f4xx_it.o"
In file included from ../Core/Src/pid.c:21:
../Core/Inc/pid.h:93: warning: ignoring '#pragma diag_suppress ' [-Wunknown-pragmas]
   93 |         #pragma diag_suppress 177     /* Disable 'unused function' warning */
      | 
arm-none-eabi-gcc "../Core/Src/syscalls.c" -mcpu=cortex-m4 -std=gnu11 -g3 -DDEBUG -DUSE_HAL_DRIVER -DSTM32F411xE -c -I../Core/Inc -I../Drivers/STM32F4xx_HAL_Driver/Inc -I../Drivers/STM32F4xx_HAL_Driver/Inc/Legacy -I../Drivers/CMSIS/Device/ST/STM32F4xx/Include -I../Drivers/CMSIS/Include -O0 -ffunction-sections -fdata-sections -Wall -fstack-usage -fcyclomatic-complexity -MMD -MP -MF"Core/Src/syscalls.d" -MT"Core/Src/syscalls.o" --specs=nano.specs -mfpu=fpv4-sp-d16 -mfloat-abi=hard -mthumb -o "Core/Src/syscalls.o"
arm-none-eabi-gcc "../Core/Src/sysmem.c" -mcpu=cortex-m4 -std=gnu11 -g3 -DDEBUG -DUSE_HAL_DRIVER -DSTM32F411xE -c -I../Core/Inc -I../Drivers/STM32F4xx_HAL_Driver/Inc -I../Drivers/STM32F4xx_HAL_Driver/Inc/Legacy -I../Drivers/CMSIS/Device/ST/STM32F4xx/Include -I../Drivers/CMSIS/Include -O0 -ffunction-sections -fdata-sections -Wall -fstack-usage -fcyclomatic-complexity -MMD -MP -MF"Core/Src/sysmem.d" -MT"Core/Src/sysmem.o" --specs=nano.specs -mfpu=fpv4-sp-d16 -mfloat-abi=hard -mthumb -o "Core/Src/sysmem.o"
arm-none-eabi-gcc "../Core/Src/system_stm32f4xx.c" -mcpu=cortex-m4 -std=gnu11 -g3 -DDEBUG -DUSE_HAL_DRIVER -DSTM32F411xE -c -I../Core/Inc -I../Drivers/STM32F4xx_HAL_Driver/Inc -I../Drivers/STM32F4xx_HAL_Driver/Inc/Legacy -I../Drivers/CMSIS/Device/ST/STM32F4xx/Include -I../Drivers/CMSIS/Include -O0 -ffunction-sections -fdata-sections -Wall -fstack-usage -fcyclomatic-complexity -MMD -MP -MF"Core/Src/system_stm32f4xx.d" -MT"Core/Src/system_stm32f4xx.o" --specs=nano.specs -mfpu=fpv4-sp-d16 -mfloat-abi=hard -mthumb -o "Core/Src/system_stm32f4xx.o"
arm-none-eabi-gcc -o "TermProject_Code.elf" @"objects.list"   -mcpu=cortex-m4 -T"C:\Users\magoo\OneDrive\Documents\GitHub\ME_507_TermProject\TermProject_Code\STM32F411CEUX_FLASH.ld" --specs=nosys.specs -Wl,-Map="TermProject_Code.map" -Wl,--gc-sections -static --specs=nano.specs -mfpu=fpv4-sp-d16 -mfloat-abi=hard -mthumb -Wl,--start-group -lc -lm -Wl,--end-group
Finished building target: TermProject_Code.elf
 
arm-none-eabi-size  TermProject_Code.elf 
arm-none-eabi-objdump -h -S TermProject_Code.elf  > "TermProject_Code.list"
   text	   data	    bss	    dec	    hex	filename
  34544	    184	   2648	  37376	   9200	TermProject_Code.elf
Finished building: default.size.stdout
 
Finished building: TermProject_Code.list
 
09:58:24 **** Incremental Build of configuration Debug for project TermProject_Code ****
make -j8 all 
arm-none-eabi-gcc "../Core/Src/main.c" -mcpu=cortex-m4 -std=gnu11 -g3 -DDEBUG -DUSE_HAL_DRIVER -DSTM32F411xE -c -I../Core/Inc -I../Drivers/STM32F4xx_HAL_Driver/Inc -I../Drivers/STM32F4xx_HAL_Driver/Inc/Legacy -I../Drivers/CMSIS/Device/ST/STM32F4xx/Include -I../Drivers/CMSIS/Include -O0 -ffunction-sections -fdata-sections -Wall -fstack-usage -fcyclomatic-complexity -MMD -MP -MF"Core/Src/main.d" -MT"Core/Src/main.o" --specs=nano.specs -mfpu=fpv4-sp-d16 -mfloat-abi=hard -mthumb -o "Core/Src/main.o"
In file included from ../Core/Src/main.c:29:
../Core/Inc/pid.h:93: warning: ignoring '#pragma diag_suppress ' [-Wunknown-pragmas]
   93 |         #pragma diag_suppress 177     /* Disable 'unused function' warning */
      | 
../Core/Src/main.c: In function 'main':
../Core/Src/main.c:280:19: warning: implicit declaration of function 'exit' [-Wimplicit-function-declaration]
  280 |                   exit(0);
      |                   ^~~~
../Core/Src/main.c:31:1: note: include '<stdlib.h>' or provide a declaration of 'exit'
   30 | #include "motor_driver.h"
  +++ |+#include <stdlib.h>
   31 | 
../Core/Src/main.c:280:19: warning: incompatible implicit declaration of built-in function 'exit' [-Wbuiltin-declaration-mismatch]
  280 |                   exit(0);
      |                   ^~~~
../Core/Src/main.c:280:19: note: include '<stdlib.h>' or provide a declaration of 'exit'
arm-none-eabi-gcc -o "TermProject_Code.elf" @"objects.list"   -mcpu=cortex-m4 -T"C:\Users\magoo\OneDrive\Documents\GitHub\ME_507_TermProject\TermProject_Code\STM32F411CEUX_FLASH.ld" --specs=nosys.specs -Wl,-Map="TermProject_Code.map" -Wl,--gc-sections -static --specs=nano.specs -mfpu=fpv4-sp-d16 -mfloat-abi=hard -mthumb -Wl,--start-group -lc -lm -Wl,--end-group
Finished building target: TermProject_Code.elf
 
arm-none-eabi-size  TermProject_Code.elf 
arm-none-eabi-objdump -h -S TermProject_Code.elf  > "TermProject_Code.list"
   text	   data	    bss	    dec	    hex	filename
  34544	    192	   2640	  37376	   9200	TermProject_Code.elf
Finished building: default.size.stdout
 
Finished building: TermProject_Code.list
 
09:59:33 **** Incremental Build of configuration Debug for project TermProject_Code ****
make -j8 all 
arm-none-eabi-gcc "../Core/Src/main.c" -mcpu=cortex-m4 -std=gnu11 -g3 -DDEBUG -DUSE_HAL_DRIVER -DSTM32F411xE -c -I../Core/Inc -I../Drivers/STM32F4xx_HAL_Driver/Inc -I../Drivers/STM32F4xx_HAL_Driver/Inc/Legacy -I../Drivers/CMSIS/Device/ST/STM32F4xx/Include -I../Drivers/CMSIS/Include -O0 -ffunction-sections -fdata-sections -Wall -fstack-usage -fcyclomatic-complexity -MMD -MP -MF"Core/Src/main.d" -MT"Core/Src/main.o" --specs=nano.specs -mfpu=fpv4-sp-d16 -mfloat-abi=hard -mthumb -o "Core/Src/main.o"
In file included from ../Core/Src/main.c:29:
../Core/Inc/pid.h:93: warning: ignoring '#pragma diag_suppress ' [-Wunknown-pragmas]
   93 |         #pragma diag_suppress 177     /* Disable 'unused function' warning */
      | 
../Core/Src/main.c: In function 'main':
../Core/Src/main.c:280:19: warning: implicit declaration of function 'exit' [-Wimplicit-function-declaration]
  280 |                   exit(0);
      |                   ^~~~
../Core/Src/main.c:31:1: note: include '<stdlib.h>' or provide a declaration of 'exit'
   30 | #include "motor_driver.h"
  +++ |+#include <stdlib.h>
   31 | 
../Core/Src/main.c:280:19: warning: incompatible implicit declaration of built-in function 'exit' [-Wbuiltin-declaration-mismatch]
  280 |                   exit(0);
      |                   ^~~~
../Core/Src/main.c:280:19: note: include '<stdlib.h>' or provide a declaration of 'exit'
arm-none-eabi-gcc -o "TermProject_Code.elf" @"objects.list"   -mcpu=cortex-m4 -T"C:\Users\magoo\OneDrive\Documents\GitHub\ME_507_TermProject\TermProject_Code\STM32F411CEUX_FLASH.ld" --specs=nosys.specs -Wl,-Map="TermProject_Code.map" -Wl,--gc-sections -static --specs=nano.specs -mfpu=fpv4-sp-d16 -mfloat-abi=hard -mthumb -Wl,--start-group -lc -lm -Wl,--end-group
Finished building target: TermProject_Code.elf
 
arm-none-eabi-size  TermProject_Code.elf 
arm-none-eabi-objdump -h -S TermProject_Code.elf  > "TermProject_Code.list"
   text	   data	    bss	    dec	    hex	filename
  34544	    192	   2640	  37376	   9200	TermProject_Code.elf
Finished building: default.size.stdout
 
Finished building: TermProject_Code.list
 
10:00:19 **** Incremental Build of configuration Debug for project TermProject_Code ****
make -j8 all 
arm-none-eabi-gcc "../Core/Src/main.c" -mcpu=cortex-m4 -std=gnu11 -g3 -DDEBUG -DUSE_HAL_DRIVER -DSTM32F411xE -c -I../Core/Inc -I../Drivers/STM32F4xx_HAL_Driver/Inc -I../Drivers/STM32F4xx_HAL_Driver/Inc/Legacy -I../Drivers/CMSIS/Device/ST/STM32F4xx/Include -I../Drivers/CMSIS/Include -O0 -ffunction-sections -fdata-sections -Wall -fstack-usage -fcyclomatic-complexity -MMD -MP -MF"Core/Src/main.d" -MT"Core/Src/main.o" --specs=nano.specs -mfpu=fpv4-sp-d16 -mfloat-abi=hard -mthumb -o "Core/Src/main.o"
In file included from ../Core/Src/main.c:29:
../Core/Inc/pid.h:93: warning: ignoring '#pragma diag_suppress ' [-Wunknown-pragmas]
   93 |         #pragma diag_suppress 177     /* Disable 'unused function' warning */
      | 
../Core/Src/main.c: In function 'main':
../Core/Src/main.c:280:19: warning: implicit declaration of function 'exit' [-Wimplicit-function-declaration]
  280 |                   exit(0);
      |                   ^~~~
../Core/Src/main.c:31:1: note: include '<stdlib.h>' or provide a declaration of 'exit'
   30 | #include "motor_driver.h"
  +++ |+#include <stdlib.h>
   31 | 
../Core/Src/main.c:280:19: warning: incompatible implicit declaration of built-in function 'exit' [-Wbuiltin-declaration-mismatch]
  280 |                   exit(0);
      |                   ^~~~
../Core/Src/main.c:280:19: note: include '<stdlib.h>' or provide a declaration of 'exit'
arm-none-eabi-gcc -o "TermProject_Code.elf" @"objects.list"   -mcpu=cortex-m4 -T"C:\Users\magoo\OneDrive\Documents\GitHub\ME_507_TermProject\TermProject_Code\STM32F411CEUX_FLASH.ld" --specs=nosys.specs -Wl,-Map="TermProject_Code.map" -Wl,--gc-sections -static --specs=nano.specs -mfpu=fpv4-sp-d16 -mfloat-abi=hard -mthumb -Wl,--start-group -lc -lm -Wl,--end-group
Finished building target: TermProject_Code.elf
 
arm-none-eabi-size  TermProject_Code.elf 
arm-none-eabi-objdump -h -S TermProject_Code.elf  > "TermProject_Code.list"
   text	   data	    bss	    dec	    hex	filename
  34544	    192	   2640	  37376	   9200	TermProject_Code.elf
Finished building: default.size.stdout
 
Finished building: TermProject_Code.list
 
10:06:35 **** Incremental Build of configuration Debug for project TermProject_Code ****
make -j8 all 
arm-none-eabi-gcc "../Core/Src/main.c" -mcpu=cortex-m4 -std=gnu11 -g3 -DDEBUG -DUSE_HAL_DRIVER -DSTM32F411xE -c -I../Core/Inc -I../Drivers/STM32F4xx_HAL_Driver/Inc -I../Drivers/STM32F4xx_HAL_Driver/Inc/Legacy -I../Drivers/CMSIS/Device/ST/STM32F4xx/Include -I../Drivers/CMSIS/Include -O0 -ffunction-sections -fdata-sections -Wall -fstack-usage -fcyclomatic-complexity -MMD -MP -MF"Core/Src/main.d" -MT"Core/Src/main.o" --specs=nano.specs -mfpu=fpv4-sp-d16 -mfloat-abi=hard -mthumb -o "Core/Src/main.o"
In file included from ../Core/Src/main.c:29:
../Core/Inc/pid.h:93: warning: ignoring '#pragma diag_suppress ' [-Wunknown-pragmas]
   93 |         #pragma diag_suppress 177     /* Disable 'unused function' warning */
      | 
../Core/Src/main.c: In function 'main':
../Core/Src/main.c:280:19: warning: implicit declaration of function 'exit' [-Wimplicit-function-declaration]
  280 |                   exit(0);
      |                   ^~~~
../Core/Src/main.c:31:1: note: include '<stdlib.h>' or provide a declaration of 'exit'
   30 | #include "motor_driver.h"
  +++ |+#include <stdlib.h>
   31 | 
../Core/Src/main.c:280:19: warning: incompatible implicit declaration of built-in function 'exit' [-Wbuiltin-declaration-mismatch]
  280 |                   exit(0);
      |                   ^~~~
../Core/Src/main.c:280:19: note: include '<stdlib.h>' or provide a declaration of 'exit'
../Core/Src/main.c:319:22: error: lvalue required as left operand of assignment
  319 |           Vel_Output = Vel_Output - vel_offset;
      |                      ^
make: *** [Core/Src/subdir.mk:43: Core/Src/main.o] Error 1
"make -j8 all" terminated with exit code 2. Build might be incomplete.
10:07:12 **** Incremental Build of configuration Debug for project TermProject_Code ****
make -j8 all 
arm-none-eabi-gcc "../Core/Src/main.c" -mcpu=cortex-m4 -std=gnu11 -g3 -DDEBUG -DUSE_HAL_DRIVER -DSTM32F411xE -c -I../Core/Inc -I../Drivers/STM32F4xx_HAL_Driver/Inc -I../Drivers/STM32F4xx_HAL_Driver/Inc/Legacy -I../Drivers/CMSIS/Device/ST/STM32F4xx/Include -I../Drivers/CMSIS/Include -O0 -ffunction-sections -fdata-sections -Wall -fstack-usage -fcyclomatic-complexity -MMD -MP -MF"Core/Src/main.d" -MT"Core/Src/main.o" --specs=nano.specs -mfpu=fpv4-sp-d16 -mfloat-abi=hard -mthumb -o "Core/Src/main.o"
In file included from ../Core/Src/main.c:29:
../Core/Inc/pid.h:93: warning: ignoring '#pragma diag_suppress ' [-Wunknown-pragmas]
   93 |         #pragma diag_suppress 177     /* Disable 'unused function' warning */
      | 
../Core/Src/main.c: In function 'main':
../Core/Src/main.c:280:19: warning: implicit declaration of function 'exit' [-Wimplicit-function-declaration]
  280 |                   exit(0);
      |                   ^~~~
../Core/Src/main.c:31:1: note: include '<stdlib.h>' or provide a declaration of 'exit'
   30 | #include "motor_driver.h"
  +++ |+#include <stdlib.h>
   31 | 
../Core/Src/main.c:280:19: warning: incompatible implicit declaration of built-in function 'exit' [-Wbuiltin-declaration-mismatch]
  280 |                   exit(0);
      |                   ^~~~
../Core/Src/main.c:280:19: note: include '<stdlib.h>' or provide a declaration of 'exit'
arm-none-eabi-gcc -o "TermProject_Code.elf" @"objects.list"   -mcpu=cortex-m4 -T"C:\Users\magoo\OneDrive\Documents\GitHub\ME_507_TermProject\TermProject_Code\STM32F411CEUX_FLASH.ld" --specs=nosys.specs -Wl,-Map="TermProject_Code.map" -Wl,--gc-sections -static --specs=nano.specs -mfpu=fpv4-sp-d16 -mfloat-abi=hard -mthumb -Wl,--start-group -lc -lm -Wl,--end-group
Finished building target: TermProject_Code.elf
 
arm-none-eabi-size  TermProject_Code.elf 
arm-none-eabi-objdump -h -S TermProject_Code.elf  > "TermProject_Code.list"
   text	   data	    bss	    dec	    hex	filename
  34528	    192	   2640	  37360	   91f0	TermProject_Code.elf
Finished building: default.size.stdout
 
Finished building: TermProject_Code.list
 
10:14:45 **** Incremental Build of configuration Debug for project TermProject_Code ****
make -j8 all 
arm-none-eabi-gcc "../Core/Src/main.c" -mcpu=cortex-m4 -std=gnu11 -g3 -DDEBUG -DUSE_HAL_DRIVER -DSTM32F411xE -c -I../Core/Inc -I../Drivers/STM32F4xx_HAL_Driver/Inc -I../Drivers/STM32F4xx_HAL_Driver/Inc/Legacy -I../Drivers/CMSIS/Device/ST/STM32F4xx/Include -I../Drivers/CMSIS/Include -O0 -ffunction-sections -fdata-sections -Wall -fstack-usage -fcyclomatic-complexity -MMD -MP -MF"Core/Src/main.d" -MT"Core/Src/main.o" --specs=nano.specs -mfpu=fpv4-sp-d16 -mfloat-abi=hard -mthumb -o "Core/Src/main.o"
In file included from ../Core/Src/main.c:29:
../Core/Inc/pid.h:93: warning: ignoring '#pragma diag_suppress ' [-Wunknown-pragmas]
   93 |         #pragma diag_suppress 177     /* Disable 'unused function' warning */
      | 
../Core/Src/main.c: In function 'main':
../Core/Src/main.c:280:19: warning: implicit declaration of function 'exit' [-Wimplicit-function-declaration]
  280 |                   exit(0);
      |                   ^~~~
../Core/Src/main.c:31:1: note: include '<stdlib.h>' or provide a declaration of 'exit'
   30 | #include "motor_driver.h"
  +++ |+#include <stdlib.h>
   31 | 
../Core/Src/main.c:280:19: warning: incompatible implicit declaration of built-in function 'exit' [-Wbuiltin-declaration-mismatch]
  280 |                   exit(0);
      |                   ^~~~
../Core/Src/main.c:280:19: note: include '<stdlib.h>' or provide a declaration of 'exit'
arm-none-eabi-gcc -o "TermProject_Code.elf" @"objects.list"   -mcpu=cortex-m4 -T"C:\Users\magoo\OneDrive\Documents\GitHub\ME_507_TermProject\TermProject_Code\STM32F411CEUX_FLASH.ld" --specs=nosys.specs -Wl,-Map="TermProject_Code.map" -Wl,--gc-sections -static --specs=nano.specs -mfpu=fpv4-sp-d16 -mfloat-abi=hard -mthumb -Wl,--start-group -lc -lm -Wl,--end-group
Finished building target: TermProject_Code.elf
 
arm-none-eabi-size  TermProject_Code.elf 
arm-none-eabi-objdump -h -S TermProject_Code.elf  > "TermProject_Code.list"
   text	   data	    bss	    dec	    hex	filename
  34496	    192	   2640	  37328	   91d0	TermProject_Code.elf
Finished building: default.size.stdout
 
Finished building: TermProject_Code.list
 
10:15:56 **** Incremental Build of configuration Debug for project TermProject_Code ****
make -j8 all 
arm-none-eabi-size  TermProject_Code.elf 
   text	   data	    bss	    dec	    hex	filename
  34496	    192	   2640	  37328	   91d0	TermProject_Code.elf
Finished building: default.size.stdout
 
10:16:13 **** Incremental Build of configuration Debug for project TermProject_Code ****
make -j8 all 
arm-none-eabi-size  TermProject_Code.elf 
   text	   data	    bss	    dec	    hex	filename
  34496	    192	   2640	  37328	   91d0	TermProject_Code.elf
Finished building: default.size.stdout
 
10:17:23 **** Incremental Build of configuration Debug for project TermProject_Code ****
make -j8 all 
arm-none-eabi-gcc "../Core/Src/main.c" -mcpu=cortex-m4 -std=gnu11 -g3 -DDEBUG -DUSE_HAL_DRIVER -DSTM32F411xE -c -I../Core/Inc -I../Drivers/STM32F4xx_HAL_Driver/Inc -I../Drivers/STM32F4xx_HAL_Driver/Inc/Legacy -I../Drivers/CMSIS/Device/ST/STM32F4xx/Include -I../Drivers/CMSIS/Include -O0 -ffunction-sections -fdata-sections -Wall -fstack-usage -fcyclomatic-complexity -MMD -MP -MF"Core/Src/main.d" -MT"Core/Src/main.o" --specs=nano.specs -mfpu=fpv4-sp-d16 -mfloat-abi=hard -mthumb -o "Core/Src/main.o"
In file included from ../Core/Src/main.c:29:
../Core/Inc/pid.h:93: warning: ignoring '#pragma diag_suppress ' [-Wunknown-pragmas]
   93 |         #pragma diag_suppress 177     /* Disable 'unused function' warning */
      | 
../Core/Src/main.c: In function 'main':
../Core/Src/main.c:280:19: warning: implicit declaration of function 'exit' [-Wimplicit-function-declaration]
  280 |                   exit(0);
      |                   ^~~~
../Core/Src/main.c:31:1: note: include '<stdlib.h>' or provide a declaration of 'exit'
   30 | #include "motor_driver.h"
  +++ |+#include <stdlib.h>
   31 | 
../Core/Src/main.c:280:19: warning: incompatible implicit declaration of built-in function 'exit' [-Wbuiltin-declaration-mismatch]
  280 |                   exit(0);
      |                   ^~~~
../Core/Src/main.c:280:19: note: include '<stdlib.h>' or provide a declaration of 'exit'
arm-none-eabi-gcc -o "TermProject_Code.elf" @"objects.list"   -mcpu=cortex-m4 -T"C:\Users\magoo\OneDrive\Documents\GitHub\ME_507_TermProject\TermProject_Code\STM32F411CEUX_FLASH.ld" --specs=nosys.specs -Wl,-Map="TermProject_Code.map" -Wl,--gc-sections -static --specs=nano.specs -mfpu=fpv4-sp-d16 -mfloat-abi=hard -mthumb -Wl,--start-group -lc -lm -Wl,--end-group
Finished building target: TermProject_Code.elf
 
arm-none-eabi-size  TermProject_Code.elf 
arm-none-eabi-objdump -h -S TermProject_Code.elf  > "TermProject_Code.list"
   text	   data	    bss	    dec	    hex	filename
  34496	    192	   2640	  37328	   91d0	TermProject_Code.elf
Finished building: default.size.stdout
 
Finished building: TermProject_Code.list
 
10:18:00 **** Incremental Build of configuration Debug for project TermProject_Code ****
make -j8 all 
arm-none-eabi-gcc "../Core/Src/main.c" -mcpu=cortex-m4 -std=gnu11 -g3 -DDEBUG -DUSE_HAL_DRIVER -DSTM32F411xE -c -I../Core/Inc -I../Drivers/STM32F4xx_HAL_Driver/Inc -I../Drivers/STM32F4xx_HAL_Driver/Inc/Legacy -I../Drivers/CMSIS/Device/ST/STM32F4xx/Include -I../Drivers/CMSIS/Include -O0 -ffunction-sections -fdata-sections -Wall -fstack-usage -fcyclomatic-complexity -MMD -MP -MF"Core/Src/main.d" -MT"Core/Src/main.o" --specs=nano.specs -mfpu=fpv4-sp-d16 -mfloat-abi=hard -mthumb -o "Core/Src/main.o"
In file included from ../Core/Src/main.c:29:
../Core/Inc/pid.h:93: warning: ignoring '#pragma diag_suppress ' [-Wunknown-pragmas]
   93 |         #pragma diag_suppress 177     /* Disable 'unused function' warning */
      | 
../Core/Src/main.c: In function 'main':
../Core/Src/main.c:280:19: warning: implicit declaration of function 'exit' [-Wimplicit-function-declaration]
  280 |                   exit(0);
      |                   ^~~~
../Core/Src/main.c:31:1: note: include '<stdlib.h>' or provide a declaration of 'exit'
   30 | #include "motor_driver.h"
  +++ |+#include <stdlib.h>
   31 | 
../Core/Src/main.c:280:19: warning: incompatible implicit declaration of built-in function 'exit' [-Wbuiltin-declaration-mismatch]
  280 |                   exit(0);
      |                   ^~~~
../Core/Src/main.c:280:19: note: include '<stdlib.h>' or provide a declaration of 'exit'
arm-none-eabi-gcc -o "TermProject_Code.elf" @"objects.list"   -mcpu=cortex-m4 -T"C:\Users\magoo\OneDrive\Documents\GitHub\ME_507_TermProject\TermProject_Code\STM32F411CEUX_FLASH.ld" --specs=nosys.specs -Wl,-Map="TermProject_Code.map" -Wl,--gc-sections -static --specs=nano.specs -mfpu=fpv4-sp-d16 -mfloat-abi=hard -mthumb -Wl,--start-group -lc -lm -Wl,--end-group
Finished building target: TermProject_Code.elf
 
arm-none-eabi-size  TermProject_Code.elf 
arm-none-eabi-objdump -h -S TermProject_Code.elf  > "TermProject_Code.list"
   text	   data	    bss	    dec	    hex	filename
  34496	    192	   2640	  37328	   91d0	TermProject_Code.elf
Finished building: default.size.stdout
 
Finished building: TermProject_Code.list
 
10:18:27 **** Incremental Build of configuration Debug for project TermProject_Code ****
make -j8 all 
arm-none-eabi-gcc "../Core/Src/main.c" -mcpu=cortex-m4 -std=gnu11 -g3 -DDEBUG -DUSE_HAL_DRIVER -DSTM32F411xE -c -I../Core/Inc -I../Drivers/STM32F4xx_HAL_Driver/Inc -I../Drivers/STM32F4xx_HAL_Driver/Inc/Legacy -I../Drivers/CMSIS/Device/ST/STM32F4xx/Include -I../Drivers/CMSIS/Include -O0 -ffunction-sections -fdata-sections -Wall -fstack-usage -fcyclomatic-complexity -MMD -MP -MF"Core/Src/main.d" -MT"Core/Src/main.o" --specs=nano.specs -mfpu=fpv4-sp-d16 -mfloat-abi=hard -mthumb -o "Core/Src/main.o"
In file included from ../Core/Src/main.c:29:
../Core/Inc/pid.h:93: warning: ignoring '#pragma diag_suppress ' [-Wunknown-pragmas]
   93 |         #pragma diag_suppress 177     /* Disable 'unused function' warning */
      | 
../Core/Src/main.c: In function 'main':
../Core/Src/main.c:280:19: warning: implicit declaration of function 'exit' [-Wimplicit-function-declaration]
  280 |                   exit(0);
      |                   ^~~~
../Core/Src/main.c:31:1: note: include '<stdlib.h>' or provide a declaration of 'exit'
   30 | #include "motor_driver.h"
  +++ |+#include <stdlib.h>
   31 | 
../Core/Src/main.c:280:19: warning: incompatible implicit declaration of built-in function 'exit' [-Wbuiltin-declaration-mismatch]
  280 |                   exit(0);
      |                   ^~~~
../Core/Src/main.c:280:19: note: include '<stdlib.h>' or provide a declaration of 'exit'
arm-none-eabi-gcc -o "TermProject_Code.elf" @"objects.list"   -mcpu=cortex-m4 -T"C:\Users\magoo\OneDrive\Documents\GitHub\ME_507_TermProject\TermProject_Code\STM32F411CEUX_FLASH.ld" --specs=nosys.specs -Wl,-Map="TermProject_Code.map" -Wl,--gc-sections -static --specs=nano.specs -mfpu=fpv4-sp-d16 -mfloat-abi=hard -mthumb -Wl,--start-group -lc -lm -Wl,--end-group
Finished building target: TermProject_Code.elf
 
arm-none-eabi-size  TermProject_Code.elf 
arm-none-eabi-objdump -h -S TermProject_Code.elf  > "TermProject_Code.list"
   text	   data	    bss	    dec	    hex	filename
  34496	    192	   2640	  37328	   91d0	TermProject_Code.elf
Finished building: default.size.stdout
 
Finished building: TermProject_Code.list
 
10:18:54 **** Incremental Build of configuration Debug for project TermProject_Code ****
make -j8 all 
arm-none-eabi-gcc "../Core/Src/main.c" -mcpu=cortex-m4 -std=gnu11 -g3 -DDEBUG -DUSE_HAL_DRIVER -DSTM32F411xE -c -I../Core/Inc -I../Drivers/STM32F4xx_HAL_Driver/Inc -I../Drivers/STM32F4xx_HAL_Driver/Inc/Legacy -I../Drivers/CMSIS/Device/ST/STM32F4xx/Include -I../Drivers/CMSIS/Include -O0 -ffunction-sections -fdata-sections -Wall -fstack-usage -fcyclomatic-complexity -MMD -MP -MF"Core/Src/main.d" -MT"Core/Src/main.o" --specs=nano.specs -mfpu=fpv4-sp-d16 -mfloat-abi=hard -mthumb -o "Core/Src/main.o"
In file included from ../Core/Src/main.c:29:
../Core/Inc/pid.h:93: warning: ignoring '#pragma diag_suppress ' [-Wunknown-pragmas]
   93 |         #pragma diag_suppress 177     /* Disable 'unused function' warning */
      | 
../Core/Src/main.c: In function 'main':
../Core/Src/main.c:280:19: warning: implicit declaration of function 'exit' [-Wimplicit-function-declaration]
  280 |                   exit(0);
      |                   ^~~~
../Core/Src/main.c:31:1: note: include '<stdlib.h>' or provide a declaration of 'exit'
   30 | #include "motor_driver.h"
  +++ |+#include <stdlib.h>
   31 | 
../Core/Src/main.c:280:19: warning: incompatible implicit declaration of built-in function 'exit' [-Wbuiltin-declaration-mismatch]
  280 |                   exit(0);
      |                   ^~~~
../Core/Src/main.c:280:19: note: include '<stdlib.h>' or provide a declaration of 'exit'
arm-none-eabi-gcc -o "TermProject_Code.elf" @"objects.list"   -mcpu=cortex-m4 -T"C:\Users\magoo\OneDrive\Documents\GitHub\ME_507_TermProject\TermProject_Code\STM32F411CEUX_FLASH.ld" --specs=nosys.specs -Wl,-Map="TermProject_Code.map" -Wl,--gc-sections -static --specs=nano.specs -mfpu=fpv4-sp-d16 -mfloat-abi=hard -mthumb -Wl,--start-group -lc -lm -Wl,--end-group
Finished building target: TermProject_Code.elf
 
arm-none-eabi-size  TermProject_Code.elf 
arm-none-eabi-objdump -h -S TermProject_Code.elf  > "TermProject_Code.list"
   text	   data	    bss	    dec	    hex	filename
  34496	    192	   2640	  37328	   91d0	TermProject_Code.elf
Finished building: default.size.stdout
 
Finished building: TermProject_Code.list
 
10:19:26 **** Incremental Build of configuration Debug for project TermProject_Code ****
make -j8 all 
arm-none-eabi-gcc "../Core/Src/main.c" -mcpu=cortex-m4 -std=gnu11 -g3 -DDEBUG -DUSE_HAL_DRIVER -DSTM32F411xE -c -I../Core/Inc -I../Drivers/STM32F4xx_HAL_Driver/Inc -I../Drivers/STM32F4xx_HAL_Driver/Inc/Legacy -I../Drivers/CMSIS/Device/ST/STM32F4xx/Include -I../Drivers/CMSIS/Include -O0 -ffunction-sections -fdata-sections -Wall -fstack-usage -fcyclomatic-complexity -MMD -MP -MF"Core/Src/main.d" -MT"Core/Src/main.o" --specs=nano.specs -mfpu=fpv4-sp-d16 -mfloat-abi=hard -mthumb -o "Core/Src/main.o"
In file included from ../Core/Src/main.c:29:
../Core/Inc/pid.h:93: warning: ignoring '#pragma diag_suppress ' [-Wunknown-pragmas]
   93 |         #pragma diag_suppress 177     /* Disable 'unused function' warning */
      | 
../Core/Src/main.c: In function 'main':
../Core/Src/main.c:280:19: warning: implicit declaration of function 'exit' [-Wimplicit-function-declaration]
  280 |                   exit(0);
      |                   ^~~~
../Core/Src/main.c:31:1: note: include '<stdlib.h>' or provide a declaration of 'exit'
   30 | #include "motor_driver.h"
  +++ |+#include <stdlib.h>
   31 | 
../Core/Src/main.c:280:19: warning: incompatible implicit declaration of built-in function 'exit' [-Wbuiltin-declaration-mismatch]
  280 |                   exit(0);
      |                   ^~~~
../Core/Src/main.c:280:19: note: include '<stdlib.h>' or provide a declaration of 'exit'
arm-none-eabi-gcc -o "TermProject_Code.elf" @"objects.list"   -mcpu=cortex-m4 -T"C:\Users\magoo\OneDrive\Documents\GitHub\ME_507_TermProject\TermProject_Code\STM32F411CEUX_FLASH.ld" --specs=nosys.specs -Wl,-Map="TermProject_Code.map" -Wl,--gc-sections -static --specs=nano.specs -mfpu=fpv4-sp-d16 -mfloat-abi=hard -mthumb -Wl,--start-group -lc -lm -Wl,--end-group
Finished building target: TermProject_Code.elf
 
arm-none-eabi-size  TermProject_Code.elf 
arm-none-eabi-objdump -h -S TermProject_Code.elf  > "TermProject_Code.list"
   text	   data	    bss	    dec	    hex	filename
  34496	    192	   2640	  37328	   91d0	TermProject_Code.elf
Finished building: default.size.stdout
 
Finished building: TermProject_Code.list
 
10:19:54 **** Incremental Build of configuration Debug for project TermProject_Code ****
make -j8 all 
arm-none-eabi-gcc "../Core/Src/main.c" -mcpu=cortex-m4 -std=gnu11 -g3 -DDEBUG -DUSE_HAL_DRIVER -DSTM32F411xE -c -I../Core/Inc -I../Drivers/STM32F4xx_HAL_Driver/Inc -I../Drivers/STM32F4xx_HAL_Driver/Inc/Legacy -I../Drivers/CMSIS/Device/ST/STM32F4xx/Include -I../Drivers/CMSIS/Include -O0 -ffunction-sections -fdata-sections -Wall -fstack-usage -fcyclomatic-complexity -MMD -MP -MF"Core/Src/main.d" -MT"Core/Src/main.o" --specs=nano.specs -mfpu=fpv4-sp-d16 -mfloat-abi=hard -mthumb -o "Core/Src/main.o"
In file included from ../Core/Src/main.c:29:
../Core/Inc/pid.h:93: warning: ignoring '#pragma diag_suppress ' [-Wunknown-pragmas]
   93 |         #pragma diag_suppress 177     /* Disable 'unused function' warning */
      | 
../Core/Src/main.c: In function 'main':
../Core/Src/main.c:280:19: warning: implicit declaration of function 'exit' [-Wimplicit-function-declaration]
  280 |                   exit(0);
      |                   ^~~~
../Core/Src/main.c:31:1: note: include '<stdlib.h>' or provide a declaration of 'exit'
   30 | #include "motor_driver.h"
  +++ |+#include <stdlib.h>
   31 | 
../Core/Src/main.c:280:19: warning: incompatible implicit declaration of built-in function 'exit' [-Wbuiltin-declaration-mismatch]
  280 |                   exit(0);
      |                   ^~~~
../Core/Src/main.c:280:19: note: include '<stdlib.h>' or provide a declaration of 'exit'
arm-none-eabi-gcc -o "TermProject_Code.elf" @"objects.list"   -mcpu=cortex-m4 -T"C:\Users\magoo\OneDrive\Documents\GitHub\ME_507_TermProject\TermProject_Code\STM32F411CEUX_FLASH.ld" --specs=nosys.specs -Wl,-Map="TermProject_Code.map" -Wl,--gc-sections -static --specs=nano.specs -mfpu=fpv4-sp-d16 -mfloat-abi=hard -mthumb -Wl,--start-group -lc -lm -Wl,--end-group
Finished building target: TermProject_Code.elf
 
arm-none-eabi-size  TermProject_Code.elf 
arm-none-eabi-objdump -h -S TermProject_Code.elf  > "TermProject_Code.list"
   text	   data	    bss	    dec	    hex	filename
  34496	    192	   2640	  37328	   91d0	TermProject_Code.elf
Finished building: default.size.stdout
 
Finished building: TermProject_Code.list
 
10:20:21 **** Incremental Build of configuration Debug for project TermProject_Code ****
make -j8 all 
arm-none-eabi-gcc "../Core/Src/main.c" -mcpu=cortex-m4 -std=gnu11 -g3 -DDEBUG -DUSE_HAL_DRIVER -DSTM32F411xE -c -I../Core/Inc -I../Drivers/STM32F4xx_HAL_Driver/Inc -I../Drivers/STM32F4xx_HAL_Driver/Inc/Legacy -I../Drivers/CMSIS/Device/ST/STM32F4xx/Include -I../Drivers/CMSIS/Include -O0 -ffunction-sections -fdata-sections -Wall -fstack-usage -fcyclomatic-complexity -MMD -MP -MF"Core/Src/main.d" -MT"Core/Src/main.o" --specs=nano.specs -mfpu=fpv4-sp-d16 -mfloat-abi=hard -mthumb -o "Core/Src/main.o"
In file included from ../Core/Src/main.c:29:
../Core/Inc/pid.h:93: warning: ignoring '#pragma diag_suppress ' [-Wunknown-pragmas]
   93 |         #pragma diag_suppress 177     /* Disable 'unused function' warning */
      | 
../Core/Src/main.c: In function 'main':
../Core/Src/main.c:280:19: warning: implicit declaration of function 'exit' [-Wimplicit-function-declaration]
  280 |                   exit(0);
      |                   ^~~~
../Core/Src/main.c:31:1: note: include '<stdlib.h>' or provide a declaration of 'exit'
   30 | #include "motor_driver.h"
  +++ |+#include <stdlib.h>
   31 | 
../Core/Src/main.c:280:19: warning: incompatible implicit declaration of built-in function 'exit' [-Wbuiltin-declaration-mismatch]
  280 |                   exit(0);
      |                   ^~~~
../Core/Src/main.c:280:19: note: include '<stdlib.h>' or provide a declaration of 'exit'
arm-none-eabi-gcc -o "TermProject_Code.elf" @"objects.list"   -mcpu=cortex-m4 -T"C:\Users\magoo\OneDrive\Documents\GitHub\ME_507_TermProject\TermProject_Code\STM32F411CEUX_FLASH.ld" --specs=nosys.specs -Wl,-Map="TermProject_Code.map" -Wl,--gc-sections -static --specs=nano.specs -mfpu=fpv4-sp-d16 -mfloat-abi=hard -mthumb -Wl,--start-group -lc -lm -Wl,--end-group
Finished building target: TermProject_Code.elf
 
arm-none-eabi-size  TermProject_Code.elf 
arm-none-eabi-objdump -h -S TermProject_Code.elf  > "TermProject_Code.list"
   text	   data	    bss	    dec	    hex	filename
  34496	    192	   2640	  37328	   91d0	TermProject_Code.elf
Finished building: default.size.stdout
 
Finished building: TermProject_Code.list
 
10:28:22 **** Incremental Build of configuration Debug for project TermProject_Code ****
make -j8 all 
arm-none-eabi-size  TermProject_Code.elf 
   text	   data	    bss	    dec	    hex	filename
  34496	    192	   2640	  37328	   91d0	TermProject_Code.elf
Finished building: default.size.stdout
 
11:20:21 **** Incremental Build of configuration Debug for project TermProject_Code ****
make -j8 all 
arm-none-eabi-gcc "../Core/Src/main.c" -mcpu=cortex-m4 -std=gnu11 -g3 -DDEBUG -DUSE_HAL_DRIVER -DSTM32F411xE -c -I../Core/Inc -I../Drivers/STM32F4xx_HAL_Driver/Inc -I../Drivers/STM32F4xx_HAL_Driver/Inc/Legacy -I../Drivers/CMSIS/Device/ST/STM32F4xx/Include -I../Drivers/CMSIS/Include -O0 -ffunction-sections -fdata-sections -Wall -fstack-usage -fcyclomatic-complexity -MMD -MP -MF"Core/Src/main.d" -MT"Core/Src/main.o" --specs=nano.specs -mfpu=fpv4-sp-d16 -mfloat-abi=hard -mthumb -o "Core/Src/main.o"
In file included from ../Core/Src/main.c:29:
../Core/Inc/pid.h:93: warning: ignoring '#pragma diag_suppress ' [-Wunknown-pragmas]
   93 |         #pragma diag_suppress 177     /* Disable 'unused function' warning */
      | 
../Core/Src/main.c: In function 'main':
../Core/Src/main.c:280:19: warning: implicit declaration of function 'exit' [-Wimplicit-function-declaration]
  280 |                   exit(0);
      |                   ^~~~
../Core/Src/main.c:31:1: note: include '<stdlib.h>' or provide a declaration of 'exit'
   30 | #include "motor_driver.h"
  +++ |+#include <stdlib.h>
   31 | 
../Core/Src/main.c:280:19: warning: incompatible implicit declaration of built-in function 'exit' [-Wbuiltin-declaration-mismatch]
  280 |                   exit(0);
      |                   ^~~~
../Core/Src/main.c:280:19: note: include '<stdlib.h>' or provide a declaration of 'exit'
arm-none-eabi-gcc -o "TermProject_Code.elf" @"objects.list"   -mcpu=cortex-m4 -T"C:\Users\magoo\OneDrive\Documents\GitHub\ME_507_TermProject\TermProject_Code\STM32F411CEUX_FLASH.ld" --specs=nosys.specs -Wl,-Map="TermProject_Code.map" -Wl,--gc-sections -static --specs=nano.specs -mfpu=fpv4-sp-d16 -mfloat-abi=hard -mthumb -Wl,--start-group -lc -lm -Wl,--end-group
Finished building target: TermProject_Code.elf
 
arm-none-eabi-size  TermProject_Code.elf 
arm-none-eabi-objdump -h -S TermProject_Code.elf  > "TermProject_Code.list"
   text	   data	    bss	    dec	    hex	filename
  34496	    192	   2640	  37328	   91d0	TermProject_Code.elf
Finished building: default.size.stdout
 
Finished building: TermProject_Code.list
 
11:23:31 **** Incremental Build of configuration Debug for project TermProject_Code ****
make -j8 all 
arm-none-eabi-gcc "../Core/Src/main.c" -mcpu=cortex-m4 -std=gnu11 -g3 -DDEBUG -DUSE_HAL_DRIVER -DSTM32F411xE -c -I../Core/Inc -I../Drivers/STM32F4xx_HAL_Driver/Inc -I../Drivers/STM32F4xx_HAL_Driver/Inc/Legacy -I../Drivers/CMSIS/Device/ST/STM32F4xx/Include -I../Drivers/CMSIS/Include -O0 -ffunction-sections -fdata-sections -Wall -fstack-usage -fcyclomatic-complexity -MMD -MP -MF"Core/Src/main.d" -MT"Core/Src/main.o" --specs=nano.specs -mfpu=fpv4-sp-d16 -mfloat-abi=hard -mthumb -o "Core/Src/main.o"
In file included from ../Core/Src/main.c:29:
../Core/Inc/pid.h:93: warning: ignoring '#pragma diag_suppress ' [-Wunknown-pragmas]
   93 |         #pragma diag_suppress 177     /* Disable 'unused function' warning */
      | 
../Core/Src/main.c: In function 'main':
../Core/Src/main.c:280:19: warning: implicit declaration of function 'exit' [-Wimplicit-function-declaration]
  280 |                   exit(0);
      |                   ^~~~
../Core/Src/main.c:31:1: note: include '<stdlib.h>' or provide a declaration of 'exit'
   30 | #include "motor_driver.h"
  +++ |+#include <stdlib.h>
   31 | 
../Core/Src/main.c:280:19: warning: incompatible implicit declaration of built-in function 'exit' [-Wbuiltin-declaration-mismatch]
  280 |                   exit(0);
      |                   ^~~~
../Core/Src/main.c:280:19: note: include '<stdlib.h>' or provide a declaration of 'exit'
arm-none-eabi-gcc -o "TermProject_Code.elf" @"objects.list"   -mcpu=cortex-m4 -T"C:\Users\magoo\OneDrive\Documents\GitHub\ME_507_TermProject\TermProject_Code\STM32F411CEUX_FLASH.ld" --specs=nosys.specs -Wl,-Map="TermProject_Code.map" -Wl,--gc-sections -static --specs=nano.specs -mfpu=fpv4-sp-d16 -mfloat-abi=hard -mthumb -Wl,--start-group -lc -lm -Wl,--end-group
Finished building target: TermProject_Code.elf
 
arm-none-eabi-size  TermProject_Code.elf 
arm-none-eabi-objdump -h -S TermProject_Code.elf  > "TermProject_Code.list"
   text	   data	    bss	    dec	    hex	filename
  34544	    192	   2640	  37376	   9200	TermProject_Code.elf
Finished building: default.size.stdout
 
Finished building: TermProject_Code.list
 
11:23:59 **** Incremental Build of configuration Debug for project TermProject_Code ****
make -j8 all 
arm-none-eabi-gcc "../Core/Src/main.c" -mcpu=cortex-m4 -std=gnu11 -g3 -DDEBUG -DUSE_HAL_DRIVER -DSTM32F411xE -c -I../Core/Inc -I../Drivers/STM32F4xx_HAL_Driver/Inc -I../Drivers/STM32F4xx_HAL_Driver/Inc/Legacy -I../Drivers/CMSIS/Device/ST/STM32F4xx/Include -I../Drivers/CMSIS/Include -O0 -ffunction-sections -fdata-sections -Wall -fstack-usage -fcyclomatic-complexity -MMD -MP -MF"Core/Src/main.d" -MT"Core/Src/main.o" --specs=nano.specs -mfpu=fpv4-sp-d16 -mfloat-abi=hard -mthumb -o "Core/Src/main.o"
In file included from ../Core/Src/main.c:29:
../Core/Inc/pid.h:93: warning: ignoring '#pragma diag_suppress ' [-Wunknown-pragmas]
   93 |         #pragma diag_suppress 177     /* Disable 'unused function' warning */
      | 
../Core/Src/main.c: In function 'main':
../Core/Src/main.c:280:19: warning: implicit declaration of function 'exit' [-Wimplicit-function-declaration]
  280 |                   exit(0);
      |                   ^~~~
../Core/Src/main.c:31:1: note: include '<stdlib.h>' or provide a declaration of 'exit'
   30 | #include "motor_driver.h"
  +++ |+#include <stdlib.h>
   31 | 
../Core/Src/main.c:280:19: warning: incompatible implicit declaration of built-in function 'exit' [-Wbuiltin-declaration-mismatch]
  280 |                   exit(0);
      |                   ^~~~
../Core/Src/main.c:280:19: note: include '<stdlib.h>' or provide a declaration of 'exit'
arm-none-eabi-gcc -o "TermProject_Code.elf" @"objects.list"   -mcpu=cortex-m4 -T"C:\Users\magoo\OneDrive\Documents\GitHub\ME_507_TermProject\TermProject_Code\STM32F411CEUX_FLASH.ld" --specs=nosys.specs -Wl,-Map="TermProject_Code.map" -Wl,--gc-sections -static --specs=nano.specs -mfpu=fpv4-sp-d16 -mfloat-abi=hard -mthumb -Wl,--start-group -lc -lm -Wl,--end-group
Finished building target: TermProject_Code.elf
 
arm-none-eabi-size  TermProject_Code.elf 
arm-none-eabi-objdump -h -S TermProject_Code.elf  > "TermProject_Code.list"
   text	   data	    bss	    dec	    hex	filename
  34544	    192	   2640	  37376	   9200	TermProject_Code.elf
Finished building: default.size.stdout
 
Finished building: TermProject_Code.list
 
11:24:44 **** Incremental Build of configuration Debug for project TermProject_Code ****
make -j8 all 
arm-none-eabi-gcc "../Core/Src/main.c" -mcpu=cortex-m4 -std=gnu11 -g3 -DDEBUG -DUSE_HAL_DRIVER -DSTM32F411xE -c -I../Core/Inc -I../Drivers/STM32F4xx_HAL_Driver/Inc -I../Drivers/STM32F4xx_HAL_Driver/Inc/Legacy -I../Drivers/CMSIS/Device/ST/STM32F4xx/Include -I../Drivers/CMSIS/Include -O0 -ffunction-sections -fdata-sections -Wall -fstack-usage -fcyclomatic-complexity -MMD -MP -MF"Core/Src/main.d" -MT"Core/Src/main.o" --specs=nano.specs -mfpu=fpv4-sp-d16 -mfloat-abi=hard -mthumb -o "Core/Src/main.o"
In file included from ../Core/Src/main.c:29:
../Core/Inc/pid.h:93: warning: ignoring '#pragma diag_suppress ' [-Wunknown-pragmas]
   93 |         #pragma diag_suppress 177     /* Disable 'unused function' warning */
      | 
../Core/Src/main.c: In function 'main':
../Core/Src/main.c:280:19: warning: implicit declaration of function 'exit' [-Wimplicit-function-declaration]
  280 |                   exit(0);
      |                   ^~~~
../Core/Src/main.c:31:1: note: include '<stdlib.h>' or provide a declaration of 'exit'
   30 | #include "motor_driver.h"
  +++ |+#include <stdlib.h>
   31 | 
../Core/Src/main.c:280:19: warning: incompatible implicit declaration of built-in function 'exit' [-Wbuiltin-declaration-mismatch]
  280 |                   exit(0);
      |                   ^~~~
../Core/Src/main.c:280:19: note: include '<stdlib.h>' or provide a declaration of 'exit'
arm-none-eabi-gcc -o "TermProject_Code.elf" @"objects.list"   -mcpu=cortex-m4 -T"C:\Users\magoo\OneDrive\Documents\GitHub\ME_507_TermProject\TermProject_Code\STM32F411CEUX_FLASH.ld" --specs=nosys.specs -Wl,-Map="TermProject_Code.map" -Wl,--gc-sections -static --specs=nano.specs -mfpu=fpv4-sp-d16 -mfloat-abi=hard -mthumb -Wl,--start-group -lc -lm -Wl,--end-group
Finished building target: TermProject_Code.elf
 
arm-none-eabi-size  TermProject_Code.elf 
arm-none-eabi-objdump -h -S TermProject_Code.elf  > "TermProject_Code.list"
   text	   data	    bss	    dec	    hex	filename
  34544	    192	   2640	  37376	   9200	TermProject_Code.elf
Finished building: default.size.stdout
 
Finished building: TermProject_Code.list
 
11:25:52 **** Incremental Build of configuration Debug for project TermProject_Code ****
make -j8 all 
arm-none-eabi-gcc "../Core/Src/main.c" -mcpu=cortex-m4 -std=gnu11 -g3 -DDEBUG -DUSE_HAL_DRIVER -DSTM32F411xE -c -I../Core/Inc -I../Drivers/STM32F4xx_HAL_Driver/Inc -I../Drivers/STM32F4xx_HAL_Driver/Inc/Legacy -I../Drivers/CMSIS/Device/ST/STM32F4xx/Include -I../Drivers/CMSIS/Include -O0 -ffunction-sections -fdata-sections -Wall -fstack-usage -fcyclomatic-complexity -MMD -MP -MF"Core/Src/main.d" -MT"Core/Src/main.o" --specs=nano.specs -mfpu=fpv4-sp-d16 -mfloat-abi=hard -mthumb -o "Core/Src/main.o"
In file included from ../Core/Src/main.c:29:
../Core/Inc/pid.h:93: warning: ignoring '#pragma diag_suppress ' [-Wunknown-pragmas]
   93 |         #pragma diag_suppress 177     /* Disable 'unused function' warning */
      | 
../Core/Src/main.c: In function 'main':
../Core/Src/main.c:280:19: warning: implicit declaration of function 'exit' [-Wimplicit-function-declaration]
  280 |                   exit(0);
      |                   ^~~~
../Core/Src/main.c:31:1: note: include '<stdlib.h>' or provide a declaration of 'exit'
   30 | #include "motor_driver.h"
  +++ |+#include <stdlib.h>
   31 | 
../Core/Src/main.c:280:19: warning: incompatible implicit declaration of built-in function 'exit' [-Wbuiltin-declaration-mismatch]
  280 |                   exit(0);
      |                   ^~~~
../Core/Src/main.c:280:19: note: include '<stdlib.h>' or provide a declaration of 'exit'
arm-none-eabi-gcc -o "TermProject_Code.elf" @"objects.list"   -mcpu=cortex-m4 -T"C:\Users\magoo\OneDrive\Documents\GitHub\ME_507_TermProject\TermProject_Code\STM32F411CEUX_FLASH.ld" --specs=nosys.specs -Wl,-Map="TermProject_Code.map" -Wl,--gc-sections -static --specs=nano.specs -mfpu=fpv4-sp-d16 -mfloat-abi=hard -mthumb -Wl,--start-group -lc -lm -Wl,--end-group
Finished building target: TermProject_Code.elf
 
arm-none-eabi-size  TermProject_Code.elf 
arm-none-eabi-objdump -h -S TermProject_Code.elf  > "TermProject_Code.list"
   text	   data	    bss	    dec	    hex	filename
  34544	    192	   2640	  37376	   9200	TermProject_Code.elf
Finished building: default.size.stdout
 
Finished building: TermProject_Code.list
 
11:26:30 **** Incremental Build of configuration Debug for project TermProject_Code ****
make -j8 all 
arm-none-eabi-gcc "../Core/Src/main.c" -mcpu=cortex-m4 -std=gnu11 -g3 -DDEBUG -DUSE_HAL_DRIVER -DSTM32F411xE -c -I../Core/Inc -I../Drivers/STM32F4xx_HAL_Driver/Inc -I../Drivers/STM32F4xx_HAL_Driver/Inc/Legacy -I../Drivers/CMSIS/Device/ST/STM32F4xx/Include -I../Drivers/CMSIS/Include -O0 -ffunction-sections -fdata-sections -Wall -fstack-usage -fcyclomatic-complexity -MMD -MP -MF"Core/Src/main.d" -MT"Core/Src/main.o" --specs=nano.specs -mfpu=fpv4-sp-d16 -mfloat-abi=hard -mthumb -o "Core/Src/main.o"
In file included from ../Core/Src/main.c:29:
../Core/Inc/pid.h:93: warning: ignoring '#pragma diag_suppress ' [-Wunknown-pragmas]
   93 |         #pragma diag_suppress 177     /* Disable 'unused function' warning */
      | 
../Core/Src/main.c: In function 'main':
../Core/Src/main.c:280:19: warning: implicit declaration of function 'exit' [-Wimplicit-function-declaration]
  280 |                   exit(0);
      |                   ^~~~
../Core/Src/main.c:31:1: note: include '<stdlib.h>' or provide a declaration of 'exit'
   30 | #include "motor_driver.h"
  +++ |+#include <stdlib.h>
   31 | 
../Core/Src/main.c:280:19: warning: incompatible implicit declaration of built-in function 'exit' [-Wbuiltin-declaration-mismatch]
  280 |                   exit(0);
      |                   ^~~~
../Core/Src/main.c:280:19: note: include '<stdlib.h>' or provide a declaration of 'exit'
arm-none-eabi-gcc -o "TermProject_Code.elf" @"objects.list"   -mcpu=cortex-m4 -T"C:\Users\magoo\OneDrive\Documents\GitHub\ME_507_TermProject\TermProject_Code\STM32F411CEUX_FLASH.ld" --specs=nosys.specs -Wl,-Map="TermProject_Code.map" -Wl,--gc-sections -static --specs=nano.specs -mfpu=fpv4-sp-d16 -mfloat-abi=hard -mthumb -Wl,--start-group -lc -lm -Wl,--end-group
Finished building target: TermProject_Code.elf
 
arm-none-eabi-size  TermProject_Code.elf 
arm-none-eabi-objdump -h -S TermProject_Code.elf  > "TermProject_Code.list"
   text	   data	    bss	    dec	    hex	filename
  34544	    192	   2640	  37376	   9200	TermProject_Code.elf
Finished building: default.size.stdout
 
Finished building: TermProject_Code.list
 
11:26:49 **** Incremental Build of configuration Debug for project TermProject_Code ****
make -j8 all 
arm-none-eabi-gcc "../Core/Src/main.c" -mcpu=cortex-m4 -std=gnu11 -g3 -DDEBUG -DUSE_HAL_DRIVER -DSTM32F411xE -c -I../Core/Inc -I../Drivers/STM32F4xx_HAL_Driver/Inc -I../Drivers/STM32F4xx_HAL_Driver/Inc/Legacy -I../Drivers/CMSIS/Device/ST/STM32F4xx/Include -I../Drivers/CMSIS/Include -O0 -ffunction-sections -fdata-sections -Wall -fstack-usage -fcyclomatic-complexity -MMD -MP -MF"Core/Src/main.d" -MT"Core/Src/main.o" --specs=nano.specs -mfpu=fpv4-sp-d16 -mfloat-abi=hard -mthumb -o "Core/Src/main.o"
In file included from ../Core/Src/main.c:29:
../Core/Inc/pid.h:93: warning: ignoring '#pragma diag_suppress ' [-Wunknown-pragmas]
   93 |         #pragma diag_suppress 177     /* Disable 'unused function' warning */
      | 
../Core/Src/main.c: In function 'main':
../Core/Src/main.c:280:19: warning: implicit declaration of function 'exit' [-Wimplicit-function-declaration]
  280 |                   exit(0);
      |                   ^~~~
../Core/Src/main.c:31:1: note: include '<stdlib.h>' or provide a declaration of 'exit'
   30 | #include "motor_driver.h"
  +++ |+#include <stdlib.h>
   31 | 
../Core/Src/main.c:280:19: warning: incompatible implicit declaration of built-in function 'exit' [-Wbuiltin-declaration-mismatch]
  280 |                   exit(0);
      |                   ^~~~
../Core/Src/main.c:280:19: note: include '<stdlib.h>' or provide a declaration of 'exit'
arm-none-eabi-gcc -o "TermProject_Code.elf" @"objects.list"   -mcpu=cortex-m4 -T"C:\Users\magoo\OneDrive\Documents\GitHub\ME_507_TermProject\TermProject_Code\STM32F411CEUX_FLASH.ld" --specs=nosys.specs -Wl,-Map="TermProject_Code.map" -Wl,--gc-sections -static --specs=nano.specs -mfpu=fpv4-sp-d16 -mfloat-abi=hard -mthumb -Wl,--start-group -lc -lm -Wl,--end-group
Finished building target: TermProject_Code.elf
 
arm-none-eabi-size  TermProject_Code.elf 
arm-none-eabi-objdump -h -S TermProject_Code.elf  > "TermProject_Code.list"
   text	   data	    bss	    dec	    hex	filename
  34544	    192	   2640	  37376	   9200	TermProject_Code.elf
Finished building: default.size.stdout
 
Finished building: TermProject_Code.list
 
11:27:12 **** Incremental Build of configuration Debug for project TermProject_Code ****
make -j8 all 
arm-none-eabi-gcc "../Core/Src/main.c" -mcpu=cortex-m4 -std=gnu11 -g3 -DDEBUG -DUSE_HAL_DRIVER -DSTM32F411xE -c -I../Core/Inc -I../Drivers/STM32F4xx_HAL_Driver/Inc -I../Drivers/STM32F4xx_HAL_Driver/Inc/Legacy -I../Drivers/CMSIS/Device/ST/STM32F4xx/Include -I../Drivers/CMSIS/Include -O0 -ffunction-sections -fdata-sections -Wall -fstack-usage -fcyclomatic-complexity -MMD -MP -MF"Core/Src/main.d" -MT"Core/Src/main.o" --specs=nano.specs -mfpu=fpv4-sp-d16 -mfloat-abi=hard -mthumb -o "Core/Src/main.o"
In file included from ../Core/Src/main.c:29:
../Core/Inc/pid.h:93: warning: ignoring '#pragma diag_suppress ' [-Wunknown-pragmas]
   93 |         #pragma diag_suppress 177     /* Disable 'unused function' warning */
      | 
../Core/Src/main.c: In function 'main':
../Core/Src/main.c:280:19: warning: implicit declaration of function 'exit' [-Wimplicit-function-declaration]
  280 |                   exit(0);
      |                   ^~~~
../Core/Src/main.c:31:1: note: include '<stdlib.h>' or provide a declaration of 'exit'
   30 | #include "motor_driver.h"
  +++ |+#include <stdlib.h>
   31 | 
../Core/Src/main.c:280:19: warning: incompatible implicit declaration of built-in function 'exit' [-Wbuiltin-declaration-mismatch]
  280 |                   exit(0);
      |                   ^~~~
../Core/Src/main.c:280:19: note: include '<stdlib.h>' or provide a declaration of 'exit'
arm-none-eabi-gcc -o "TermProject_Code.elf" @"objects.list"   -mcpu=cortex-m4 -T"C:\Users\magoo\OneDrive\Documents\GitHub\ME_507_TermProject\TermProject_Code\STM32F411CEUX_FLASH.ld" --specs=nosys.specs -Wl,-Map="TermProject_Code.map" -Wl,--gc-sections -static --specs=nano.specs -mfpu=fpv4-sp-d16 -mfloat-abi=hard -mthumb -Wl,--start-group -lc -lm -Wl,--end-group
Finished building target: TermProject_Code.elf
 
arm-none-eabi-size  TermProject_Code.elf 
arm-none-eabi-objdump -h -S TermProject_Code.elf  > "TermProject_Code.list"
   text	   data	    bss	    dec	    hex	filename
  34544	    192	   2640	  37376	   9200	TermProject_Code.elf
Finished building: default.size.stdout
 
Finished building: TermProject_Code.list
 
11:27:38 **** Incremental Build of configuration Debug for project TermProject_Code ****
make -j8 all 
arm-none-eabi-gcc "../Core/Src/main.c" -mcpu=cortex-m4 -std=gnu11 -g3 -DDEBUG -DUSE_HAL_DRIVER -DSTM32F411xE -c -I../Core/Inc -I../Drivers/STM32F4xx_HAL_Driver/Inc -I../Drivers/STM32F4xx_HAL_Driver/Inc/Legacy -I../Drivers/CMSIS/Device/ST/STM32F4xx/Include -I../Drivers/CMSIS/Include -O0 -ffunction-sections -fdata-sections -Wall -fstack-usage -fcyclomatic-complexity -MMD -MP -MF"Core/Src/main.d" -MT"Core/Src/main.o" --specs=nano.specs -mfpu=fpv4-sp-d16 -mfloat-abi=hard -mthumb -o "Core/Src/main.o"
In file included from ../Core/Src/main.c:29:
../Core/Inc/pid.h:93: warning: ignoring '#pragma diag_suppress ' [-Wunknown-pragmas]
   93 |         #pragma diag_suppress 177     /* Disable 'unused function' warning */
      | 
../Core/Src/main.c: In function 'main':
../Core/Src/main.c:280:19: warning: implicit declaration of function 'exit' [-Wimplicit-function-declaration]
  280 |                   exit(0);
      |                   ^~~~
../Core/Src/main.c:31:1: note: include '<stdlib.h>' or provide a declaration of 'exit'
   30 | #include "motor_driver.h"
  +++ |+#include <stdlib.h>
   31 | 
../Core/Src/main.c:280:19: warning: incompatible implicit declaration of built-in function 'exit' [-Wbuiltin-declaration-mismatch]
  280 |                   exit(0);
      |                   ^~~~
../Core/Src/main.c:280:19: note: include '<stdlib.h>' or provide a declaration of 'exit'
arm-none-eabi-gcc -o "TermProject_Code.elf" @"objects.list"   -mcpu=cortex-m4 -T"C:\Users\magoo\OneDrive\Documents\GitHub\ME_507_TermProject\TermProject_Code\STM32F411CEUX_FLASH.ld" --specs=nosys.specs -Wl,-Map="TermProject_Code.map" -Wl,--gc-sections -static --specs=nano.specs -mfpu=fpv4-sp-d16 -mfloat-abi=hard -mthumb -Wl,--start-group -lc -lm -Wl,--end-group
Finished building target: TermProject_Code.elf
 
arm-none-eabi-size  TermProject_Code.elf 
arm-none-eabi-objdump -h -S TermProject_Code.elf  > "TermProject_Code.list"
   text	   data	    bss	    dec	    hex	filename
  34544	    192	   2640	  37376	   9200	TermProject_Code.elf
Finished building: default.size.stdout
 
Finished building: TermProject_Code.list
 
11:28:02 **** Incremental Build of configuration Debug for project TermProject_Code ****
make -j8 all 
arm-none-eabi-gcc "../Core/Src/main.c" -mcpu=cortex-m4 -std=gnu11 -g3 -DDEBUG -DUSE_HAL_DRIVER -DSTM32F411xE -c -I../Core/Inc -I../Drivers/STM32F4xx_HAL_Driver/Inc -I../Drivers/STM32F4xx_HAL_Driver/Inc/Legacy -I../Drivers/CMSIS/Device/ST/STM32F4xx/Include -I../Drivers/CMSIS/Include -O0 -ffunction-sections -fdata-sections -Wall -fstack-usage -fcyclomatic-complexity -MMD -MP -MF"Core/Src/main.d" -MT"Core/Src/main.o" --specs=nano.specs -mfpu=fpv4-sp-d16 -mfloat-abi=hard -mthumb -o "Core/Src/main.o"
In file included from ../Core/Src/main.c:29:
../Core/Inc/pid.h:93: warning: ignoring '#pragma diag_suppress ' [-Wunknown-pragmas]
   93 |         #pragma diag_suppress 177     /* Disable 'unused function' warning */
      | 
../Core/Src/main.c: In function 'main':
../Core/Src/main.c:280:19: warning: implicit declaration of function 'exit' [-Wimplicit-function-declaration]
  280 |                   exit(0);
      |                   ^~~~
../Core/Src/main.c:31:1: note: include '<stdlib.h>' or provide a declaration of 'exit'
   30 | #include "motor_driver.h"
  +++ |+#include <stdlib.h>
   31 | 
../Core/Src/main.c:280:19: warning: incompatible implicit declaration of built-in function 'exit' [-Wbuiltin-declaration-mismatch]
  280 |                   exit(0);
      |                   ^~~~
../Core/Src/main.c:280:19: note: include '<stdlib.h>' or provide a declaration of 'exit'
arm-none-eabi-gcc -o "TermProject_Code.elf" @"objects.list"   -mcpu=cortex-m4 -T"C:\Users\magoo\OneDrive\Documents\GitHub\ME_507_TermProject\TermProject_Code\STM32F411CEUX_FLASH.ld" --specs=nosys.specs -Wl,-Map="TermProject_Code.map" -Wl,--gc-sections -static --specs=nano.specs -mfpu=fpv4-sp-d16 -mfloat-abi=hard -mthumb -Wl,--start-group -lc -lm -Wl,--end-group
Finished building target: TermProject_Code.elf
 
arm-none-eabi-size  TermProject_Code.elf 
arm-none-eabi-objdump -h -S TermProject_Code.elf  > "TermProject_Code.list"
   text	   data	    bss	    dec	    hex	filename
  34544	    192	   2640	  37376	   9200	TermProject_Code.elf
Finished building: default.size.stdout
 
Finished building: TermProject_Code.list
 
11:28:21 **** Incremental Build of configuration Debug for project TermProject_Code ****
make -j8 all 
arm-none-eabi-size  TermProject_Code.elf 
   text	   data	    bss	    dec	    hex	filename
  34544	    192	   2640	  37376	   9200	TermProject_Code.elf
Finished building: default.size.stdout
 
11:28:52 **** Incremental Build of configuration Debug for project TermProject_Code ****
make -j8 all 
arm-none-eabi-gcc "../Core/Src/main.c" -mcpu=cortex-m4 -std=gnu11 -g3 -DDEBUG -DUSE_HAL_DRIVER -DSTM32F411xE -c -I../Core/Inc -I../Drivers/STM32F4xx_HAL_Driver/Inc -I../Drivers/STM32F4xx_HAL_Driver/Inc/Legacy -I../Drivers/CMSIS/Device/ST/STM32F4xx/Include -I../Drivers/CMSIS/Include -O0 -ffunction-sections -fdata-sections -Wall -fstack-usage -fcyclomatic-complexity -MMD -MP -MF"Core/Src/main.d" -MT"Core/Src/main.o" --specs=nano.specs -mfpu=fpv4-sp-d16 -mfloat-abi=hard -mthumb -o "Core/Src/main.o"
In file included from ../Core/Src/main.c:29:
../Core/Inc/pid.h:93: warning: ignoring '#pragma diag_suppress ' [-Wunknown-pragmas]
   93 |         #pragma diag_suppress 177     /* Disable 'unused function' warning */
      | 
../Core/Src/main.c: In function 'main':
../Core/Src/main.c:280:19: warning: implicit declaration of function 'exit' [-Wimplicit-function-declaration]
  280 |                   exit(0);
      |                   ^~~~
../Core/Src/main.c:31:1: note: include '<stdlib.h>' or provide a declaration of 'exit'
   30 | #include "motor_driver.h"
  +++ |+#include <stdlib.h>
   31 | 
../Core/Src/main.c:280:19: warning: incompatible implicit declaration of built-in function 'exit' [-Wbuiltin-declaration-mismatch]
  280 |                   exit(0);
      |                   ^~~~
../Core/Src/main.c:280:19: note: include '<stdlib.h>' or provide a declaration of 'exit'
arm-none-eabi-gcc -o "TermProject_Code.elf" @"objects.list"   -mcpu=cortex-m4 -T"C:\Users\magoo\OneDrive\Documents\GitHub\ME_507_TermProject\TermProject_Code\STM32F411CEUX_FLASH.ld" --specs=nosys.specs -Wl,-Map="TermProject_Code.map" -Wl,--gc-sections -static --specs=nano.specs -mfpu=fpv4-sp-d16 -mfloat-abi=hard -mthumb -Wl,--start-group -lc -lm -Wl,--end-group
Finished building target: TermProject_Code.elf
 
arm-none-eabi-size  TermProject_Code.elf 
arm-none-eabi-objdump -h -S TermProject_Code.elf  > "TermProject_Code.list"
   text	   data	    bss	    dec	    hex	filename
  34544	    192	   2640	  37376	   9200	TermProject_Code.elf
Finished building: default.size.stdout
 
Finished building: TermProject_Code.list
 
11:29:23 **** Incremental Build of configuration Debug for project TermProject_Code ****
make -j8 all 
arm-none-eabi-gcc "../Core/Src/main.c" -mcpu=cortex-m4 -std=gnu11 -g3 -DDEBUG -DUSE_HAL_DRIVER -DSTM32F411xE -c -I../Core/Inc -I../Drivers/STM32F4xx_HAL_Driver/Inc -I../Drivers/STM32F4xx_HAL_Driver/Inc/Legacy -I../Drivers/CMSIS/Device/ST/STM32F4xx/Include -I../Drivers/CMSIS/Include -O0 -ffunction-sections -fdata-sections -Wall -fstack-usage -fcyclomatic-complexity -MMD -MP -MF"Core/Src/main.d" -MT"Core/Src/main.o" --specs=nano.specs -mfpu=fpv4-sp-d16 -mfloat-abi=hard -mthumb -o "Core/Src/main.o"
In file included from ../Core/Src/main.c:29:
../Core/Inc/pid.h:93: warning: ignoring '#pragma diag_suppress ' [-Wunknown-pragmas]
   93 |         #pragma diag_suppress 177     /* Disable 'unused function' warning */
      | 
../Core/Src/main.c: In function 'main':
../Core/Src/main.c:280:19: warning: implicit declaration of function 'exit' [-Wimplicit-function-declaration]
  280 |                   exit(0);
      |                   ^~~~
../Core/Src/main.c:31:1: note: include '<stdlib.h>' or provide a declaration of 'exit'
   30 | #include "motor_driver.h"
  +++ |+#include <stdlib.h>
   31 | 
../Core/Src/main.c:280:19: warning: incompatible implicit declaration of built-in function 'exit' [-Wbuiltin-declaration-mismatch]
  280 |                   exit(0);
      |                   ^~~~
../Core/Src/main.c:280:19: note: include '<stdlib.h>' or provide a declaration of 'exit'
arm-none-eabi-gcc -o "TermProject_Code.elf" @"objects.list"   -mcpu=cortex-m4 -T"C:\Users\magoo\OneDrive\Documents\GitHub\ME_507_TermProject\TermProject_Code\STM32F411CEUX_FLASH.ld" --specs=nosys.specs -Wl,-Map="TermProject_Code.map" -Wl,--gc-sections -static --specs=nano.specs -mfpu=fpv4-sp-d16 -mfloat-abi=hard -mthumb -Wl,--start-group -lc -lm -Wl,--end-group
Finished building target: TermProject_Code.elf
 
arm-none-eabi-size  TermProject_Code.elf 
arm-none-eabi-objdump -h -S TermProject_Code.elf  > "TermProject_Code.list"
   text	   data	    bss	    dec	    hex	filename
  34544	    192	   2640	  37376	   9200	TermProject_Code.elf
Finished building: default.size.stdout
 
Finished building: TermProject_Code.list
 
